2018-04-02 14:34:55 +0000 [MT] Initial pipeline context: <IDEDistributionProcessingPipelineContext: 0x7f8f1c07e3a0; archive(resolved)='<IDEArchive: 0x7f8f1bb20f10>', distributionTask(resolved)='2', distributionMethod(resolved)='<IDEDistributionMethodDevelopmentSigned: 0x7f8f1bd920f0>', team(resolved)='<IDEProvisioningBasicTeam 0x7f8f1c15bf00: teamID: 82FC3C5895, teamName: QuCoon Limited>'>
	Chain (11, self inclusive):
	<IDEDistributionProcessingPipelineContext: 0x7f8f1c07e3a0; archive = '<IDEArchive: 0x7f8f1bb20f10>', distributionMethod='<IDEDistributionMethodDevelopmentSigned: 0x7f8f1bd920f0>', team='<IDEProvisioningBasicTeam 0x7f8f1c15bf00: teamID: 82FC3C5895, teamName: QuCoon Limited>'>
	<IDEDistributionProcessingPipelineContext: 0x7f8f1c07cc80; archive = '<IDEArchive: 0x7f8f1bb20f10>', distributionMethod='<IDEDistributionMethodDevelopmentSigned: 0x7f8f1bd920f0>', team='<IDEProvisioningBasicTeam 0x7f8f1c15bf00: teamID: 82FC3C5895, teamName: QuCoon Limited>'>
	<IDEDistributionContext: 0x7f8f1c0852c0; archive = '<IDEArchive: 0x7f8f1bb20f10>', distributionMethod='<IDEDistributionMethodDevelopmentSigned: 0x7f8f1bd920f0>', team='<IDEProvisioningBasicTeam 0x7f8f1c15bf00: teamID: 82FC3C5895, teamName: QuCoon Limited>'>
	<IDEDistributionContext: 0x7f8f1c13e350; archive = '<IDEArchive: 0x7f8f1bb20f10>', distributionMethod='<IDEDistributionMethodDevelopmentSigned: 0x7f8f1bd920f0>', team='<IDEProvisioningBasicTeam 0x7f8f1c15bf00: teamID: 82FC3C5895, teamName: QuCoon Limited>'>
	<IDEDistributionContext: 0x7f8f1c154530; archive = '<IDEArchive: 0x7f8f1bb20f10>', distributionMethod='<IDEDistributionMethodDevelopmentSigned: 0x7f8f1bd920f0>', team='<IDEProvisioningBasicTeam 0x7f8f1c15bf00: teamID: 82FC3C5895, teamName: QuCoon Limited>'>
	<IDEDistributionContext: 0x7f8f1c062ab0; archive = '<IDEArchive: 0x7f8f1bb20f10>', distributionMethod='<IDEDistributionMethodDevelopmentSigned: 0x7f8f1bd920f0>', team='<IDEProvisioningBasicTeam 0x7f8f1c15bf00: teamID: 82FC3C5895, teamName: QuCoon Limited>'>
	<IDEDistributionContext: 0x7f8f1c160ee0; archive = '<IDEArchive: 0x7f8f1bb20f10>', distributionMethod='<IDEDistributionMethodDevelopmentSigned: 0x7f8f1bd920f0>', team='<IDEProvisioningBasicTeam 0x7f8f1c15bf00: teamID: 82FC3C5895, teamName: QuCoon Limited>'>
	<IDEDistributionContext: 0x7f8f1bf73060; archive = '<IDEArchive: 0x7f8f1bb20f10>', distributionMethod='<IDEDistributionMethodDevelopmentSigned: 0x7f8f1bd920f0>', team='<IDEProvisioningBasicTeam 0x7f8f1c15bf00: teamID: 82FC3C5895, teamName: QuCoon Limited>'>
	<IDEDistributionContext: 0x7f8f1bf35a60; archive = '<IDEArchive: 0x7f8f1bb20f10>', distributionMethod='<IDEDistributionMethodDevelopmentSigned: 0x7f8f1bd920f0>', team='<IDEProvisioningBasicTeam 0x7f8f1c15bf00: teamID: 82FC3C5895, teamName: QuCoon Limited>'>
	<IDEDistributionContext: 0x7f8f1bde00b0; archive = '<IDEArchive: 0x7f8f1bb20f10>', distributionMethod='<IDEDistributionMethodDevelopmentSigned: 0x7f8f1bd920f0>', team='(null)'>
	<IDEDistributionContext: 0x7f8f1bdcda70; archive = '<IDEArchive: 0x7f8f1bb20f10>', distributionMethod='(null)', team='(null)'>
</IDEDistributionProcessingPipelineContext: 0x7f8f1c07e3a0>
2018-04-02 14:34:55 +0000 [MT] Processing step: IDEDistributionCreateDestRootStep
2018-04-02 14:34:55 +0000 [MT] Processing step: IDEDistributionCopyItemStep
2018-04-02 14:34:55 +0000 [MT] Running /usr/bin/ditto '-V' '/Users/val/Desktop/ionicmobile/keystonemobile/zeegnaltabdemo/platforms/ios/Zeegnal.xcarchive/Products/Applications/Zeegnal.app' '/var/folders/r_/9vlrvd8d0r5bk4zpbmlxxnbm0000gn/T/XcodeDistPipeline.z7g/Root/Payload/Zeegnal.app'
2018-04-02 14:34:55 +0000  >>> Copying /Users/val/Desktop/ionicmobile/keystonemobile/zeegnaltabdemo/platforms/ios/Zeegnal.xcarchive/Products/Applications/Zeegnal.app 
2018-04-02 14:34:55 +0000  copying file ./_CodeSignature/CodeResources ... 
2018-04-02 14:34:55 +0000  66347 bytes for ./_CodeSignature/CodeResources
copying file ./scannerOverlay.nib ... 
2018-04-02 14:34:55 +0000  1462 bytes for ./scannerOverlay.nib
copying file ./LaunchImage@2x.png ... 
2018-04-02 14:34:55 +0000  24177 bytes for ./LaunchImage@2x.png
copying file ./AppIcon20x20@2x.png ... 
2018-04-02 14:34:55 +0000  1994 bytes for ./AppIcon20x20@2x.png
copying file ./MainViewController.nib ... 
2018-04-02 14:34:55 +0000  943 bytes for ./MainViewController.nib
copying file ./AppIcon57x57.png ... 
2018-04-02 14:34:55 +0000  3286 bytes for ./AppIcon57x57.png
copying file ./AppIcon20x20@3x.png ... 
3566 bytes for ./AppIcon20x20@3x.png
copying file ./AppIcon29x29.png ... 
1423 bytes for ./AppIcon29x29.png
copying file ./LaunchImage-568h@2x.png ... 
2018-04-02 14:34:55 +0000  41186 bytes for ./LaunchImage-568h@2x.png
2018-04-02 14:34:55 +0000  copying file ./PlugIns/OneSignalNotificationServiceExtension.appex/_CodeSignature/CodeResources ... 
2018-04-02 14:34:55 +0000  2846 bytes for ./PlugIns/OneSignalNotificationServiceExtension.appex/_CodeSignature/CodeResources
copying file ./PlugIns/OneSignalNotificationServiceExtension.appex/OneSignalNotificationServiceExtension ... 
2018-04-02 14:34:55 +0000  419712 bytes for ./PlugIns/OneSignalNotificationServiceExtension.appex/OneSignalNotificationServiceExtension
copying file ./PlugIns/OneSignalNotificationServiceExtension.appex/archived-expanded-entitlements.xcent ... 
2018-04-02 14:34:55 +0000  246 bytes for ./PlugIns/OneSignalNotificationServiceExtension.appex/archived-expanded-entitlements.xcent
copying file ./PlugIns/OneSignalNotificationServiceExtension.appex/embedded.mobileprovision ... 
2018-04-02 14:34:55 +0000  13764 bytes for ./PlugIns/OneSignalNotificationServiceExtension.appex/embedded.mobileprovision
2018-04-02 14:34:55 +0000  copying file ./PlugIns/OneSignalNotificationServiceExtension.appex/Info.plist ... 
2018-04-02 14:34:55 +0000  997 bytes for ./PlugIns/OneSignalNotificationServiceExtension.appex/Info.plist
2018-04-02 14:34:55 +0000  copying file ./AppIcon60x60@2x.png ... 
2018-04-02 14:34:55 +0000  11724 bytes for ./AppIcon60x60@2x.png
2018-04-02 14:34:55 +0000  copying file ./AppIcon72x72@2x~ipad.png ... 
2018-04-02 14:34:55 +0000  16424 bytes for ./AppIcon72x72@2x~ipad.png
2018-04-02 14:34:55 +0000  copying file ./AppIcon29x29@2x.png ... 
2018-04-02 14:34:55 +0000  3429 bytes for ./AppIcon29x29@2x.png
copying file ./LaunchImage-800-667h@2x.png ... 
2018-04-02 14:34:55 +0000  49697 bytes for ./LaunchImage-800-667h@2x.png
copying file ./LaunchImage-Portrait@2x~ipad.png ... 
2018-04-02 14:34:55 +0000  142592 bytes for ./LaunchImage-Portrait@2x~ipad.png
copying file ./Zeegnal ... 
2018-04-02 14:34:55 +0000  4040048 bytes for ./Zeegnal
copying file ./AppIcon40x40@3x.png ... 
2018-04-02 14:34:55 +0000  11724 bytes for ./AppIcon40x40@3x.png
2018-04-02 14:34:55 +0000  copying file ./AppIcon57x57@2x.png ... 
2018-04-02 14:34:55 +0000  10729 bytes for ./AppIcon57x57@2x.png
copying file ./AppIcon29x29~ipad.png ... 
2018-04-02 14:34:55 +0000  1423 bytes for ./AppIcon29x29~ipad.png
2018-04-02 14:34:55 +0000  copying file ./AppIcon40x40@2x.png ... 
2018-04-02 14:34:55 +0000  6248 bytes for ./AppIcon40x40@2x.png
2018-04-02 14:34:55 +0000  copying file ./LaunchImage-Portrait~ipad.png ... 
2018-04-02 14:34:55 +0000  44553 bytes for ./LaunchImage-Portrait~ipad.png
2018-04-02 14:34:55 +0000  copying file ./AppIcon29x29@3x.png ... 
2018-04-02 14:34:55 +0000  7058 bytes for ./AppIcon29x29@3x.png
2018-04-02 14:34:55 +0000  copying file ./AppIcon60x60@3x.png ... 
2018-04-02 14:34:55 +0000  25993 bytes for ./AppIcon60x60@3x.png
2018-04-02 14:34:55 +0000  copying file ./config.xml ... 
2018-04-02 14:34:55 +0000  7153 bytes for ./config.xml
2018-04-02 14:34:55 +0000  copying file ./www/index.html ... 
2018-04-02 14:34:55 +0000  2514 bytes for ./www/index.html
2018-04-02 14:34:55 +0000  copying file ./www/cordova.js ... 
2018-04-02 14:34:55 +0000  78044 bytes for ./www/cordova.js
2018-04-02 14:34:55 +0000  copying file ./www/plugins/cordova-plugin-ionic-webview/src/www/ios/ios-wkwebview-exec.js ... 
2018-04-02 14:34:55 +0000  6167 bytes for ./www/plugins/cordova-plugin-ionic-webview/src/www/ios/ios-wkwebview-exec.js
2018-04-02 14:34:55 +0000  copying file ./www/plugins/onesignal-cordova-plugin/www/OneSignal.js ... 
2018-04-02 14:34:55 +0000  10648 bytes for ./www/plugins/onesignal-cordova-plugin/www/OneSignal.js
2018-04-02 14:34:55 +0000  copying file ./www/plugins/cordova-plugin-device/www/device.js ... 
2018-04-02 14:34:55 +0000  3070 bytes for ./www/plugins/cordova-plugin-device/www/device.js
2018-04-02 14:34:55 +0000  copying file ./www/plugins/cordova-plugin-contacts/www/ContactError.js ... 
2018-04-02 14:34:55 +0000  1479 bytes for ./www/plugins/cordova-plugin-contacts/www/ContactError.js
2018-04-02 14:34:55 +0000  copying file ./www/plugins/cordova-plugin-contacts/www/ContactAddress.js ... 
2018-04-02 14:34:55 +0000  1668 bytes for ./www/plugins/cordova-plugin-contacts/www/ContactAddress.js
2018-04-02 14:34:55 +0000  copying file ./www/plugins/cordova-plugin-contacts/www/ContactFindOptions.js ... 
1648 bytes for ./www/plugins/cordova-plugin-contacts/www/ContactFindOptions.js
copying file ./www/plugins/cordova-plugin-contacts/www/ContactField.js ... 
2018-04-02 14:34:55 +0000  1376 bytes for ./www/plugins/cordova-plugin-contacts/www/ContactField.js
2018-04-02 14:34:55 +0000  copying file ./www/plugins/cordova-plugin-contacts/www/ContactOrganization.js ... 
2018-04-02 14:34:55 +0000  1355 bytes for ./www/plugins/cordova-plugin-contacts/www/ContactOrganization.js
copying file ./www/plugins/cordova-plugin-contacts/www/contacts.js ... 
2018-04-02 14:34:55 +0000  3755 bytes for ./www/plugins/cordova-plugin-contacts/www/contacts.js
2018-04-02 14:34:55 +0000  copying file ./www/plugins/cordova-plugin-contacts/www/ios/contacts.js ... 
2470 bytes for ./www/plugins/cordova-plugin-contacts/www/ios/contacts.js
copying file ./www/plugins/cordova-plugin-contacts/www/ios/Contact.js ... 
2018-04-02 14:34:55 +0000  1829 bytes for ./www/plugins/cordova-plugin-contacts/www/ios/Contact.js
2018-04-02 14:34:55 +0000  copying file ./www/plugins/cordova-plugin-contacts/www/ContactName.js ... 
2018-04-02 14:34:55 +0000  1455 bytes for ./www/plugins/cordova-plugin-contacts/www/ContactName.js
2018-04-02 14:34:55 +0000  copying file ./www/plugins/cordova-plugin-contacts/www/Contact.js ... 
2018-04-02 14:34:55 +0000  4877 bytes for ./www/plugins/cordova-plugin-contacts/www/Contact.js
2018-04-02 14:34:55 +0000  copying file ./www/plugins/cordova-plugin-contacts/www/convertUtils.js ... 
2384 bytes for ./www/plugins/cordova-plugin-contacts/www/convertUtils.js
copying file ./www/plugins/cordova-plugin-contacts/www/ContactFieldType.js ... 
2018-04-02 14:34:55 +0000  2059 bytes for ./www/plugins/cordova-plugin-contacts/www/ContactFieldType.js
2018-04-02 14:34:55 +0000  copying file ./www/plugins/cordova-plugin-ionic/www/common.js ... 
2018-04-02 14:34:55 +0000  2217 bytes for ./www/plugins/cordova-plugin-ionic/www/common.js
2018-04-02 14:34:55 +0000  copying file ./www/plugins/cordova-plugin-appversion/www/app-version.js ... 
2018-04-02 14:34:55 +0000  2641 bytes for ./www/plugins/cordova-plugin-appversion/www/app-version.js
2018-04-02 14:34:55 +0000  copying file ./www/plugins/cordova-plugin-sim/www/sim.js ... 
2018-04-02 14:34:55 +0000  241 bytes for ./www/plugins/cordova-plugin-sim/www/sim.js
2018-04-02 14:34:55 +0000  copying file ./www/plugins/cordova-plugin-vibration/www/vibration.js ... 
2018-04-02 14:34:55 +0000  3541 bytes for ./www/plugins/cordova-plugin-vibration/www/vibration.js
2018-04-02 14:34:55 +0000  copying file ./www/plugins/phonegap-plugin-barcodescanner/www/barcodescanner.js ... 
2018-04-02 14:34:55 +0000  5020 bytes for ./www/plugins/phonegap-plugin-barcodescanner/www/barcodescanner.js
2018-04-02 14:34:55 +0000  copying file ./www/plugins/cordova-plugin-app-update/www/AppUpdate.js ... 
2018-04-02 14:34:55 +0000  1447 bytes for ./www/plugins/cordova-plugin-app-update/www/AppUpdate.js
2018-04-02 14:34:55 +0000  copying file ./www/plugins/cordova-plugin-appminimize/www/AppMinimize.js ... 
2018-04-02 14:34:55 +0000  397 bytes for ./www/plugins/cordova-plugin-appminimize/www/AppMinimize.js
2018-04-02 14:34:55 +0000  copying file ./www/plugins/cordova-plugin-dialogs/www/notification.js ... 
2018-04-02 14:34:55 +0000  6013 bytes for ./www/plugins/cordova-plugin-dialogs/www/notification.js
2018-04-02 14:34:55 +0000  copying file ./www/plugins/cordova-plugin-splashscreen/www/splashscreen.js ... 
2018-04-02 14:34:55 +0000  1173 bytes for ./www/plugins/cordova-plugin-splashscreen/www/splashscreen.js
2018-04-02 14:34:55 +0000  copying file ./www/plugins/cordova-plugin-ionic-keyboard/www/ios/keyboard.js ... 
2018-04-02 14:34:55 +0000  2676 bytes for ./www/plugins/cordova-plugin-ionic-keyboard/www/ios/keyboard.js
2018-04-02 14:34:55 +0000  copying file ./www/cordova-js-src/exec.js ... 
2018-04-02 14:34:55 +0000  8877 bytes for ./www/cordova-js-src/exec.js
2018-04-02 14:34:55 +0000  copying file ./www/cordova-js-src/plugin/ios/logger.js ... 
2018-04-02 14:34:55 +0000  10233 bytes for ./www/cordova-js-src/plugin/ios/logger.js
2018-04-02 14:34:55 +0000  copying file ./www/cordova-js-src/plugin/ios/console.js ... 
2018-04-02 14:34:55 +0000  6822 bytes for ./www/cordova-js-src/plugin/ios/console.js
2018-04-02 14:34:55 +0000  copying file ./www/cordova-js-src/platform.js ... 
2018-04-02 14:34:55 +0000  1168 bytes for ./www/cordova-js-src/platform.js
2018-04-02 14:34:55 +0000  copying file ./www/manifest.json ... 
266 bytes for ./www/manifest.json
copying file ./www/cordova_plugins.js ... 
2018-04-02 14:34:55 +0000  6194 bytes for ./www/cordova_plugins.js
2018-04-02 14:34:55 +0000  copying file ./www/service-worker.js ... 
2018-04-02 14:34:55 +0000  741 bytes for ./www/service-worker.js
2018-04-02 14:34:55 +0000  copying file ./www/build/main.js.map ... 
2018-04-02 14:34:55 +0000  122351 bytes for ./www/build/main.js.map
2018-04-02 14:34:55 +0000  copying file ./www/build/main.css.map ... 
2018-04-02 14:34:55 +0000  4 bytes for ./www/build/main.css.map
2018-04-02 14:34:55 +0000  copying file ./www/build/polyfills.js ... 
2018-04-02 14:34:55 +0000  97180 bytes for ./www/build/polyfills.js
2018-04-02 14:34:55 +0000  copying file ./www/build/main.css ... 
2018-04-02 14:34:55 +0000  1002985 bytes for ./www/build/main.css
2018-04-02 14:34:55 +0000  copying file ./www/build/vendor.js ... 
2018-04-02 14:34:55 +0000  5601024 bytes for ./www/build/vendor.js
2018-04-02 14:34:55 +0000  copying file ./www/build/main.js ... 
2018-04-02 14:34:55 +0000  123598 bytes for ./www/build/main.js
2018-04-02 14:34:55 +0000  copying file ./www/build/0.js.map ... 
2018-04-02 14:34:55 +0000  1810 bytes for ./www/build/0.js.map
2018-04-02 14:34:55 +0000  copying file ./www/build/0.js ... 
2018-04-02 14:34:55 +0000  4580 bytes for ./www/build/0.js
2018-04-02 14:34:55 +0000  copying file ./www/build/sw-toolbox.js ... 
2018-04-02 14:34:55 +0000  15793 bytes for ./www/build/sw-toolbox.js
2018-04-02 14:34:55 +0000  copying file ./www/build/vendor.js.map ... 
2018-04-02 14:34:55 +0000  6563390 bytes for ./www/build/vendor.js.map
2018-04-02 14:34:55 +0000  copying file ./www/assets/css/animate.min.css ... 
2018-04-02 14:34:55 +0000  17458 bytes for ./www/assets/css/animate.min.css
2018-04-02 14:34:55 +0000  copying file ./www/assets/css/global.style.css ... 
2018-04-02 14:34:55 +0000  48369 bytes for ./www/assets/css/global.style.css
2018-04-02 14:34:55 +0000  copying file ./www/assets/css/animate.css ... 
2018-04-02 14:34:55 +0000  23848 bytes for ./www/assets/css/animate.css
2018-04-02 14:34:55 +0000  copying file ./www/assets/css/fontawesome-all.css ... 
2018-04-02 14:34:55 +0000  44007 bytes for ./www/assets/css/fontawesome-all.css
2018-04-02 14:34:55 +0000  copying file ./www/assets/css/font-awesome.css ... 
2018-04-02 14:34:55 +0000  37414 bytes for ./www/assets/css/font-awesome.css
2018-04-02 14:34:55 +0000  copying file ./www/assets/css/font-awesome.min.css ... 
2018-04-02 14:34:55 +0000  31000 bytes for ./www/assets/css/font-awesome.min.css
2018-04-02 14:34:55 +0000  copying file ./www/assets/imgs/logo.png ... 
2018-04-02 14:34:55 +0000  39757 bytes for ./www/assets/imgs/logo.png
2018-04-02 14:34:55 +0000  copying file ./www/assets/plugins/smartphoto/css/smartphoto.min.css ... 
2018-04-02 14:34:55 +0000  7224 bytes for ./www/assets/plugins/smartphoto/css/smartphoto.min.css
2018-04-02 14:34:55 +0000  copying file ./www/assets/plugins/smartphoto/js/smartphoto.min.js ... 
2018-04-02 14:34:55 +0000  44876 bytes for ./www/assets/plugins/smartphoto/js/smartphoto.min.js
2018-04-02 14:34:55 +0000  copying file ./www/assets/plugins/turbo-slider/turbo.js ... 
2018-04-02 14:34:55 +0000  40992 bytes for ./www/assets/plugins/turbo-slider/turbo.js
2018-04-02 14:34:55 +0000  copying file ./www/assets/plugins/turbo-slider/turbo.css ... 
2018-04-02 14:34:55 +0000  2052 bytes for ./www/assets/plugins/turbo-slider/turbo.css
copying file ./www/assets/plugins/turbo-slider/turbo.min.js ... 
2018-04-02 14:34:55 +0000  19701 bytes for ./www/assets/plugins/turbo-slider/turbo.min.js
copying file ./www/assets/plugins/turbo-slider/Read me.txt ... 
502 bytes for ./www/assets/plugins/turbo-slider/Read me.txt
copying file ./www/assets/js/jquery-3.2.1.min.js ... 
2018-04-02 14:34:55 +0000  86659 bytes for ./www/assets/js/jquery-3.2.1.min.js
2018-04-02 14:34:55 +0000  copying file ./www/assets/js/global.script.js ... 
2018-04-02 14:34:55 +0000  5866 bytes for ./www/assets/js/global.script.js
2018-04-02 14:34:55 +0000  copying file ./www/assets/fontello/fontello.ttf ... 
2018-04-02 14:34:55 +0000  141596 bytes for ./www/assets/fontello/fontello.ttf
copying file ./www/assets/fontello/fontello.woff ... 
2018-04-02 14:34:55 +0000  72828 bytes for ./www/assets/fontello/fontello.woff
copying file ./www/assets/fontello/fontello.eot ... 
2018-04-02 14:34:55 +0000  141764 bytes for ./www/assets/fontello/fontello.eot
copying file ./www/assets/fontello/fontello.svg ... 
2018-04-02 14:34:55 +0000  280009 bytes for ./www/assets/fontello/fontello.svg
2018-04-02 14:34:55 +0000  copying file ./www/assets/img/Zeengalblack.png ... 
1058 bytes for ./www/assets/img/Zeengalblack.png
copying file ./www/assets/img/app-logo.png ... 
2743 bytes for ./www/assets/img/app-logo.png
copying file ./www/assets/img/gallery/img9.jpg ... 
2018-04-02 14:34:55 +0000  22148 bytes for ./www/assets/img/gallery/img9.jpg
2018-04-02 14:34:55 +0000  copying file ./www/assets/img/gallery/img8.jpg ... 
2018-04-02 14:34:55 +0000  75654 bytes for ./www/assets/img/gallery/img8.jpg
copying file ./www/assets/img/gallery/img5.jpg ... 
2018-04-02 14:34:55 +0000  98865 bytes for ./www/assets/img/gallery/img5.jpg
2018-04-02 14:34:55 +0000  copying file ./www/assets/img/gallery/img4.jpg ... 
2018-04-02 14:34:55 +0000  55594 bytes for ./www/assets/img/gallery/img4.jpg
copying file ./www/assets/img/gallery/img6.jpg ... 
2018-04-02 14:34:55 +0000  23221 bytes for ./www/assets/img/gallery/img6.jpg
2018-04-02 14:34:55 +0000  copying file ./www/assets/img/gallery/img7.jpg ... 
2018-04-02 14:34:55 +0000  30844 bytes for ./www/assets/img/gallery/img7.jpg
2018-04-02 14:34:55 +0000  copying file ./www/assets/img/gallery/img3.jpg ... 
2018-04-02 14:34:55 +0000  28284 bytes for ./www/assets/img/gallery/img3.jpg
2018-04-02 14:34:55 +0000  copying file ./www/assets/img/gallery/img2.jpg ... 
2018-04-02 14:34:55 +0000  71741 bytes for ./www/assets/img/gallery/img2.jpg
2018-04-02 14:34:55 +0000  copying file ./www/assets/img/gallery/img1.jpg ... 
2018-04-02 14:34:55 +0000  52205 bytes for ./www/assets/img/gallery/img1.jpg
2018-04-02 14:34:55 +0000  copying file ./www/assets/img/gallery/img14.jpg ... 
2018-04-02 14:34:55 +0000  73893 bytes for ./www/assets/img/gallery/img14.jpg
2018-04-02 14:34:55 +0000  copying file ./www/assets/img/gallery/img11.jpg ... 
2018-04-02 14:34:55 +0000  69103 bytes for ./www/assets/img/gallery/img11.jpg
2018-04-02 14:34:55 +0000  copying file ./www/assets/img/gallery/img10.jpg ... 
2018-04-02 14:34:55 +0000  59241 bytes for ./www/assets/img/gallery/img10.jpg
2018-04-02 14:34:55 +0000  copying file ./www/assets/img/gallery/img12.jpg ... 
2018-04-02 14:34:55 +0000  41961 bytes for ./www/assets/img/gallery/img12.jpg
2018-04-02 14:34:55 +0000  copying file ./www/assets/img/gallery/img13.jpg ... 
2018-04-02 14:34:55 +0000  111596 bytes for ./www/assets/img/gallery/img13.jpg
copying file ./www/assets/img/background-image.jpg ... 
2018-04-02 14:34:55 +0000  46558 bytes for ./www/assets/img/background-image.jpg
copying file ./www/assets/img/avatar.png ... 
2018-04-02 14:34:55 +0000  46260 bytes for ./www/assets/img/avatar.png
copying file ./www/assets/img/avatar-bg.jpg ... 
2018-04-02 14:34:55 +0000  102603 bytes for ./www/assets/img/avatar-bg.jpg
2018-04-02 14:34:55 +0000  copying file ./www/assets/img/icons/hamburguer.png ... 
2018-04-02 14:34:55 +0000  6304 bytes for ./www/assets/img/icons/hamburguer.png
2018-04-02 14:34:55 +0000  copying file ./www/assets/img/icons/map-location.png ... 
2018-04-02 14:34:55 +0000  852 bytes for ./www/assets/img/icons/map-location.png
2018-04-02 14:34:55 +0000  copying file ./www/assets/img/icons/rice.png ... 
2018-04-02 14:34:55 +0000  8020 bytes for ./www/assets/img/icons/rice.png
2018-04-02 14:34:55 +0000  copying file ./www/assets/img/icons/doughnut.png ... 
2018-04-02 14:34:55 +0000  10099 bytes for ./www/assets/img/icons/doughnut.png
2018-04-02 14:34:55 +0000  copying file ./www/assets/img/icons/address-book.png ... 
2018-04-02 14:34:55 +0000  13796 bytes for ./www/assets/img/icons/address-book.png
2018-04-02 14:34:55 +0000  copying file ./www/assets/img/icons/noodles.png ... 
2018-04-02 14:34:55 +0000  11700 bytes for ./www/assets/img/icons/noodles.png
2018-04-02 14:34:55 +0000  copying file ./www/assets/img/assets/product-3.jpg ... 
2018-04-02 14:34:55 +0000  50140 bytes for ./www/assets/img/assets/product-3.jpg
2018-04-02 14:34:55 +0000  copying file ./www/assets/img/assets/product-2.jpg ... 
2018-04-02 14:34:55 +0000  31516 bytes for ./www/assets/img/assets/product-2.jpg
2018-04-02 14:34:55 +0000  copying file ./www/assets/img/assets/product-1.jpg ... 
2018-04-02 14:34:55 +0000  46227 bytes for ./www/assets/img/assets/product-1.jpg
2018-04-02 14:34:55 +0000  copying file ./www/assets/img/assets/product-5.jpg ... 
2018-04-02 14:34:55 +0000  40120 bytes for ./www/assets/img/assets/product-5.jpg
copying file ./www/assets/img/assets/product-4.jpg ... 
2018-04-02 14:34:55 +0000  43367 bytes for ./www/assets/img/assets/product-4.jpg
2018-04-02 14:34:55 +0000  copying file ./www/assets/img/assets/product-6.jpg ... 
2018-04-02 14:34:55 +0000  36515 bytes for ./www/assets/img/assets/product-6.jpg
2018-04-02 14:34:55 +0000  copying file ./www/assets/img/assets/post-img-3.jpg ... 
2018-04-02 14:34:55 +0000  61035 bytes for ./www/assets/img/assets/post-img-3.jpg
2018-04-02 14:34:55 +0000  copying file ./www/assets/img/assets/post-img-2.jpg ... 
2018-04-02 14:34:55 +0000  30714 bytes for ./www/assets/img/assets/post-img-2.jpg
2018-04-02 14:34:55 +0000  copying file ./www/assets/img/assets/post-img-1.jpg ... 
2018-04-02 14:34:55 +0000  60750 bytes for ./www/assets/img/assets/post-img-1.jpg
copying file ./www/assets/img/assets/news-list-image-1.jpg ... 
2018-04-02 14:34:55 +0000  4626 bytes for ./www/assets/img/assets/news-list-image-1.jpg
2018-04-02 14:34:55 +0000  copying file ./www/assets/img/assets/news-list-image-2.jpg ... 
3775 bytes for ./www/assets/img/assets/news-list-image-2.jpg
copying file ./www/assets/img/assets/news-list-image-3.jpg ... 
2877 bytes for ./www/assets/img/assets/news-list-image-3.jpg
2018-04-02 14:34:55 +0000  copying file ./www/assets/icon/favicon.ico ... 
2018-04-02 14:34:55 +0000  1981 bytes for ./www/assets/icon/favicon.ico
2018-04-02 14:34:55 +0000  copying file ./www/assets/fonts/roboto-medium.ttf ... 
2018-04-02 14:34:55 +0000  19752 bytes for ./www/assets/fonts/roboto-medium.ttf
2018-04-02 14:34:55 +0000  copying file ./www/assets/fonts/roboto-light.woff2 ... 
2018-04-02 14:34:55 +0000  10220 bytes for ./www/assets/fonts/roboto-light.woff2
2018-04-02 14:34:55 +0000  copying file ./www/assets/fonts/fontawesome-webfont.svg ... 
2018-04-02 14:34:55 +0000  444379 bytes for ./www/assets/fonts/fontawesome-webfont.svg
2018-04-02 14:34:55 +0000  copying file ./www/assets/fonts/roboto-light.ttf ... 
2018-04-02 14:34:55 +0000  19908 bytes for ./www/assets/fonts/roboto-light.ttf
2018-04-02 14:34:55 +0000  copying file ./www/assets/fonts/roboto-regular.woff2 ... 
2018-04-02 14:34:55 +0000  10196 bytes for ./www/assets/fonts/roboto-regular.woff2
2018-04-02 14:34:55 +0000  copying file ./www/assets/fonts/roboto-regular.woff ... 
2018-04-02 14:34:55 +0000  13308 bytes for ./www/assets/fonts/roboto-regular.woff
2018-04-02 14:34:55 +0000  copying file ./www/assets/fonts/FontAwesome.otf ... 
2018-04-02 14:34:55 +0000  134808 bytes for ./www/assets/fonts/FontAwesome.otf
copying file ./www/assets/fonts/noto-sans-bold.ttf ... 
2018-04-02 14:34:55 +0000  415132 bytes for ./www/assets/fonts/noto-sans-bold.ttf
2018-04-02 14:34:55 +0000  copying file ./www/assets/fonts/ionicons.eot ... 
2018-04-02 14:34:55 +0000  144114 bytes for ./www/assets/fonts/ionicons.eot
2018-04-02 14:34:55 +0000  copying file ./www/assets/fonts/noto-sans-bold.woff ... 
2018-04-02 14:34:55 +0000  211888 bytes for ./www/assets/fonts/noto-sans-bold.woff
2018-04-02 14:34:55 +0000  copying file ./www/assets/fonts/roboto-light.woff ... 
2018-04-02 14:34:55 +0000  13360 bytes for ./www/assets/fonts/roboto-light.woff
copying file ./www/assets/fonts/roboto-medium.woff2 ... 
2018-04-02 14:34:55 +0000  10192 bytes for ./www/assets/fonts/roboto-medium.woff2
2018-04-02 14:34:55 +0000  copying file ./www/assets/fonts/ionicons.woff ... 
2018-04-02 14:34:55 +0000  80356 bytes for ./www/assets/fonts/ionicons.woff
copying file ./www/assets/fonts/roboto-regular.ttf ... 
2018-04-02 14:34:55 +0000  19876 bytes for ./www/assets/fonts/roboto-regular.ttf
copying file ./www/assets/fonts/ionicons.ttf ... 
2018-04-02 14:34:55 +0000  143936 bytes for ./www/assets/fonts/ionicons.ttf
2018-04-02 14:34:55 +0000  copying file ./www/assets/fonts/roboto-bold.woff2 ... 
2018-04-02 14:34:55 +0000  10212 bytes for ./www/assets/fonts/roboto-bold.woff2
copying file ./www/assets/fonts/fontawesome-webfont.woff2 ... 
2018-04-02 14:34:55 +0000  77160 bytes for ./www/assets/fonts/fontawesome-webfont.woff2
copying file ./www/assets/fonts/noto-sans.scss ... 
2018-04-02 14:34:55 +0000  1282 bytes for ./www/assets/fonts/noto-sans.scss
copying file ./www/assets/fonts/roboto.scss ... 
2018-04-02 14:34:55 +0000  1458 bytes for ./www/assets/fonts/roboto.scss
copying file ./www/assets/fonts/noto-sans-regular.woff ... 
2018-04-02 14:34:55 +0000  212780 bytes for ./www/assets/fonts/noto-sans-regular.woff
copying file ./www/assets/fonts/roboto-medium.woff ... 
2018-04-02 14:34:55 +0000  13248 bytes for ./www/assets/fonts/roboto-medium.woff
copying file ./www/assets/fonts/fontawesome-webfont.ttf ... 
2018-04-02 14:34:55 +0000  165548 bytes for ./www/assets/fonts/fontawesome-webfont.ttf
copying file ./www/assets/fonts/roboto-bold.woff ... 
2018-04-02 14:34:55 +0000  13348 bytes for ./www/assets/fonts/roboto-bold.woff
copying file ./www/assets/fonts/San-Francisco/SF-Pro-Display-Thin.otf ... 
2018-04-02 14:34:55 +0000  317736 bytes for ./www/assets/fonts/San-Francisco/SF-Pro-Display-Thin.otf
copying file ./www/assets/fonts/San-Francisco/SF-Pro-Display-Light.otf ... 
2018-04-02 14:34:55 +0000  318908 bytes for ./www/assets/fonts/San-Francisco/SF-Pro-Display-Light.otf
copying file ./www/assets/fonts/San-Francisco/SF-Pro-Display-Regular.otf ... 
2018-04-02 14:34:55 +0000  298944 bytes for ./www/assets/fonts/San-Francisco/SF-Pro-Display-Regular.otf
copying file ./www/assets/fonts/San-Francisco/SF-Pro-Display-Bold.otf ... 
2018-04-02 14:34:55 +0000  334728 bytes for ./www/assets/fonts/San-Francisco/SF-Pro-Display-Bold.otf
copying file ./www/assets/fonts/San-Francisco/SF-Pro-Display-Medium.otf ... 
2018-04-02 14:34:55 +0000  335512 bytes for ./www/assets/fonts/San-Francisco/SF-Pro-Display-Medium.otf
copying file ./www/assets/fonts/San-Francisco/SF-Pro-Display-Black.otf ... 
2018-04-02 14:34:55 +0000  319584 bytes for ./www/assets/fonts/San-Francisco/SF-Pro-Display-Black.otf
copying file ./www/assets/fonts/noto-sans-regular.ttf ... 
2018-04-02 14:34:55 +0000  414820 bytes for ./www/assets/fonts/noto-sans-regular.ttf
copying file ./www/assets/fonts/ionicons.svg ... 
2018-04-02 14:34:55 +0000  400219 bytes for ./www/assets/fonts/ionicons.svg
2018-04-02 14:34:55 +0000  copying file ./www/assets/fonts/fontawesome-webfont.woff ... 
2018-04-02 14:34:55 +0000  98024 bytes for ./www/assets/fonts/fontawesome-webfont.woff
2018-04-02 14:34:55 +0000  copying file ./www/assets/fonts/roboto-bold.ttf ... 
2018-04-02 14:34:55 +0000  20040 bytes for ./www/assets/fonts/roboto-bold.ttf
2018-04-02 14:34:55 +0000  copying file ./www/assets/fonts/fontawesome-webfont.eot ... 
2018-04-02 14:34:55 +0000  165742 bytes for ./www/assets/fonts/fontawesome-webfont.eot
2018-04-02 14:34:55 +0000  copying file ./www/assets/fonts/ionicons.woff2 ... 
2018-04-02 14:34:55 +0000  61020 bytes for ./www/assets/fonts/ionicons.woff2
copying file ./www/assets/fonts/ionicons.scss ... 
2018-04-02 14:34:55 +0000  1152 bytes for ./www/assets/fonts/ionicons.scss
2018-04-02 14:34:55 +0000  copying file ./www/wk-plugin.js ... 
1779 bytes for ./www/wk-plugin.js
copying file ./archived-expanded-entitlements.xcent ... 
2018-04-02 14:34:55 +0000  246 bytes for ./archived-expanded-entitlements.xcent
2018-04-02 14:34:55 +0000  copying file ./LaunchImage-Landscape~ipad.png ... 
2018-04-02 14:34:55 +0000  44371 bytes for ./LaunchImage-Landscape~ipad.png
copying file ./LaunchImage-700-Portrait~ipad.png ... 
2018-04-02 14:34:55 +0000  44553 bytes for ./LaunchImage-700-Portrait~ipad.png
2018-04-02 14:34:55 +0000  copying file ./Assets.car ... 
2018-04-02 14:34:55 +0000  744392 bytes for ./Assets.car
2018-04-02 14:34:55 +0000  copying file ./AppIcon40x40@2x~ipad.png ... 
2018-04-02 14:34:55 +0000  6248 bytes for ./AppIcon40x40@2x~ipad.png
2018-04-02 14:34:55 +0000  copying file ./AppIcon76x76@2x~ipad.png ... 
2018-04-02 14:34:55 +0000  18561 bytes for ./AppIcon76x76@2x~ipad.png
2018-04-02 14:34:55 +0000  copying file ./AppIcon72x72~ipad.png ... 
2018-04-02 14:34:55 +0000  5231 bytes for ./AppIcon72x72~ipad.png
2018-04-02 14:34:56 +0000  copying file ./CDVLaunchScreen.storyboardc/01J-lp-oVM-view-Ze5-6b-2t3.nib ... 
2283 bytes for ./CDVLaunchScreen.storyboardc/01J-lp-oVM-view-Ze5-6b-2t3.nib
copying file ./CDVLaunchScreen.storyboardc/UIViewController-01J-lp-oVM.nib ... 
832 bytes for ./CDVLaunchScreen.storyboardc/UIViewController-01J-lp-oVM.nib
copying file ./CDVLaunchScreen.storyboardc/Info.plist ... 
258 bytes for ./CDVLaunchScreen.storyboardc/Info.plist
copying file ./LaunchImage-700@2x.png ... 
2018-04-02 14:34:56 +0000  24177 bytes for ./LaunchImage-700@2x.png
copying file ./AppIcon83.5x83.5@2x~ipad.png ... 
2018-04-02 14:34:56 +0000  22264 bytes for ./AppIcon83.5x83.5@2x~ipad.png
2018-04-02 14:34:56 +0000  copying file ./LaunchImage-700-568h@2x.png ... 
2018-04-02 14:34:56 +0000  41186 bytes for ./LaunchImage-700-568h@2x.png
2018-04-02 14:34:56 +0000  copying file ./LaunchImage-Landscape@2x~ipad.png ... 
2018-04-02 14:34:56 +0000  136511 bytes for ./LaunchImage-Landscape@2x~ipad.png
2018-04-02 14:34:56 +0000  copying file ./CDVNotification.bundle/beep.wav ... 
2018-04-02 14:34:56 +0000  8114 bytes for ./CDVNotification.bundle/beep.wav
2018-04-02 14:34:56 +0000  copying file ./AppIcon50x50~ipad.png ... 
2018-04-02 14:34:56 +0000  2689 bytes for ./AppIcon50x50~ipad.png
2018-04-02 14:34:56 +0000  copying file ./AppIcon29x29@2x~ipad.png ... 
2018-04-02 14:34:56 +0000  3429 bytes for ./AppIcon29x29@2x~ipad.png
2018-04-02 14:34:56 +0000  copying file ./LaunchImage-700-Landscape@2x~ipad.png ... 
2018-04-02 14:34:56 +0000  136511 bytes for ./LaunchImage-700-Landscape@2x~ipad.png
copying file ./AppIcon50x50@2x~ipad.png ... 
2018-04-02 14:34:56 +0000  8661 bytes for ./AppIcon50x50@2x~ipad.png
2018-04-02 14:34:56 +0000  copying file ./AppIcon40x40~ipad.png ... 
2018-04-02 14:34:56 +0000  1994 bytes for ./AppIcon40x40~ipad.png
2018-04-02 14:34:56 +0000  copying file ./LaunchImage.png ... 
2018-04-02 14:34:56 +0000  9717 bytes for ./LaunchImage.png
2018-04-02 14:34:56 +0000  copying file ./embedded.mobileprovision ... 
13626 bytes for ./embedded.mobileprovision
copying file ./LaunchImage-800-Landscape-736h@3x.png ... 
2018-04-02 14:34:56 +0000  125079 bytes for ./LaunchImage-800-Landscape-736h@3x.png
2018-04-02 14:34:56 +0000  copying file ./LaunchImage-700-Portrait@2x~ipad.png ... 
2018-04-02 14:34:56 +0000  142592 bytes for ./LaunchImage-700-Portrait@2x~ipad.png
2018-04-02 14:34:56 +0000  copying file ./LaunchImage-700-Landscape~ipad.png ... 
2018-04-02 14:34:56 +0000  44371 bytes for ./LaunchImage-700-Landscape~ipad.png
2018-04-02 14:34:56 +0000  copying file ./CDVBarcodeScanner.bundle/beep.caf ... 
2018-04-02 14:34:56 +0000  16020 bytes for ./CDVBarcodeScanner.bundle/beep.caf
2018-04-02 14:34:56 +0000  copying file ./CDVBarcodeScanner.bundle/torch.png ... 
2018-04-02 14:34:56 +0000  3173 bytes for ./CDVBarcodeScanner.bundle/torch.png
2018-04-02 14:34:56 +0000  copying file ./CDVBarcodeScanner.bundle/torch@2x.png ... 
2018-04-02 14:34:56 +0000  3687 bytes for ./CDVBarcodeScanner.bundle/torch@2x.png
copying file ./CDVBarcodeScanner.bundle/torch@3x.png ... 
2018-04-02 14:34:56 +0000  4302 bytes for ./CDVBarcodeScanner.bundle/torch@3x.png
2018-04-02 14:34:56 +0000  copying file ./AppIcon20x20@2x~ipad.png ... 
2018-04-02 14:34:56 +0000  1994 bytes for ./AppIcon20x20@2x~ipad.png
2018-04-02 14:34:56 +0000  copying file ./Info.plist ... 
2018-04-02 14:34:56 +0000  2443 bytes for ./Info.plist
2018-04-02 14:34:56 +0000  copying file ./PkgInfo ... 
8 bytes for ./PkgInfo
copying file ./AppIcon76x76~ipad.png ... 
2018-04-02 14:34:56 +0000  5637 bytes for ./AppIcon76x76~ipad.png
2018-04-02 14:34:56 +0000  2018-04-02 14:34:56 +0000 [MT] /usr/bin/ditto exited with 0
2018-04-02 14:34:56 +0000  

2018-04-02 14:34:56 +0000 [MT] Processing step: IDEDistributionEmbedProfileStep
2018-04-02 14:34:56 +0000 [MT] Processing step: IDEDistributionAppThinningPlistStep
2018-04-02 14:34:56 +0000 [MT] Skipping step: IDEDistributionAppThinningPlistStep because it said so
2018-04-02 14:34:56 +0000 [MT] Processing step: IDEDistributionCompileBitcodeStep
2018-04-02 14:34:56 +0000 [MT] Skipping step: IDEDistributionCompileBitcodeStep because it said so
2018-04-02 14:34:56 +0000 [MT] Processing step: IDEDistributionCodeSlimmingStep
2018-04-02 14:34:56 +0000 [MT] Processing step: IDEDistributionCopyBCSymbolMapsStep
2018-04-02 14:34:56 +0000 [MT] Skipping step: IDEDistributionCopyBCSymbolMapsStep because it said so
2018-04-02 14:34:56 +0000 [MT] Skipping step: IDEDistributionCopyBCSymbolMapsStep because it said so
2018-04-02 14:34:56 +0000 [MT] Processing step: IDEDistributionSymbolsStep
2018-04-02 14:34:56 +0000 [MT] Skipping step: IDEDistributionSymbolsStep because it said so
2018-04-02 14:34:56 +0000 [MT] Skipping step: IDEDistributionSymbolsStep because it said so
2018-04-02 14:34:56 +0000 [MT] Processing step: IDEDistributionAppThinningStep
2018-04-02 14:34:56 +0000 [MT] Skipping step: IDEDistributionAppThinningStep because it said so
2018-04-02 14:34:56 +0000 [MT] Processing step: IDEDistributionODRStep
2018-04-02 14:34:56 +0000 [MT] Processing step: IDEDistributionStripXattrsStep
2018-04-02 14:34:56 +0000 [MT] Skipping stripping extended attributes of item: <IDEDistributionItem: 0x7f8f1bf6d750 'com.qucoon.mboile.zeegnalapp.OneSignalNotificationServiceExtension' '<DVTFilePath:0x7f8f1bdf6640:'/Users/val/Desktop/ionicmobile/keystonemobile/zeegnaltabdemo/platforms/ios/Zeegnal.xcarchive/Products/Applications/Zeegnal.app/PlugIns/OneSignalNotificationServiceExtension.appex'>'>
2018-04-02 14:34:56 +0000 [MT] Running /usr/bin/xattr '-crs' '/var/folders/r_/9vlrvd8d0r5bk4zpbmlxxnbm0000gn/T/XcodeDistPipeline.z7g/Root/Payload/Zeegnal.app'
2018-04-02 14:34:57 +0000  
2018-04-02 14:34:57 +0000  2018-04-02 14:34:57 +0000  

2018-04-02 14:34:57 +0000 [MT] /usr/bin/xattr exited with 0
2018-04-02 14:34:57 +0000  
2018-04-02 14:34:57 +0000 [MT] Processing step: IDEDistributionCodesignStep
2018-04-02 14:34:57 +0000  
2018-04-02 14:34:57 +0000 [MT] Applying entitlements delta for <IDEDistributionItem: 0x7f8f1bf6d750 'com.qucoon.mboile.zeegnalapp.OneSignalNotificationServiceExtension' '<DVTFilePath:0x7f8f1bdf6640:'/Users/val/Desktop/ionicmobile/keystonemobile/zeegnaltabdemo/platforms/ios/Zeegnal.xcarchive/Products/Applications/Zeegnal.app/PlugIns/OneSignalNotificationServiceExtension.appex'>'> from <IDEiCloudEntitlementsProcessor: 0x7f8f1c16ae80>: {
}
2018-04-02 14:34:57 +0000 [MT] Entitlements for <IDEDistributionItem: 0x7f8f1bf6d750 'com.qucoon.mboile.zeegnalapp.OneSignalNotificationServiceExtension' '<DVTFilePath:0x7f8f1bdf6640:'/Users/val/Desktop/ionicmobile/keystonemobile/zeegnaltabdemo/platforms/ios/Zeegnal.xcarchive/Products/Applications/Zeegnal.app/PlugIns/OneSignalNotificationServiceExtension.appex'>'>: {
    "application-identifier" = "82FC3C5895.com.qucoon.mboile.zeegnalapp.OneSignalNotificationServiceExtension";
    "aps-environment" = development;
    "com.apple.developer.team-identifier" = 82FC3C5895;
    "get-task-allow" = 1;
}
2018-04-02 14:34:57 +0000 [MT] Writing entitlements for <IDEDistributionItem: 0x7f8f1bf6d750 'com.qucoon.mboile.zeegnalapp.OneSignalNotificationServiceExtension' '<DVTFilePath:0x7f8f1bdf6640:'/Users/val/Desktop/ionicmobile/keystonemobile/zeegnaltabdemo/platforms/ios/Zeegnal.xcarchive/Products/Applications/Zeegnal.app/PlugIns/OneSignalNotificationServiceExtension.appex'>'> to: /var/folders/r_/9vlrvd8d0r5bk4zpbmlxxnbm0000gn/T/XcodeDistPipeline.z7g/entitlements4tDE2h
2018-04-02 14:34:57 +0000 [MT] Running /usr/bin/codesign '-vvv' '--force' '--sign' 'A31B5809C64329989926ED913E9510FF025E9ABA' '--preserve-metadata=identifier,flags' '--entitlements' '/var/folders/r_/9vlrvd8d0r5bk4zpbmlxxnbm0000gn/T/XcodeDistPipeline.z7g/entitlements4tDE2h' '/var/folders/r_/9vlrvd8d0r5bk4zpbmlxxnbm0000gn/T/XcodeDistPipeline.z7g/Root/Payload/Zeegnal.app/PlugIns/OneSignalNotificationServiceExtension.appex'
2018-04-02 14:34:57 +0000  /var/folders/r_/9vlrvd8d0r5bk4zpbmlxxnbm0000gn/T/XcodeDistPipeline.z7g/Root/Payload/Zeegnal.app/PlugIns/OneSignalNotificationServiceExtension.appex: replacing existing signature
2018-04-02 14:34:57 +0000  /var/folders/r_/9vlrvd8d0r5bk4zpbmlxxnbm0000gn/T/XcodeDistPipeline.z7g/Root/Payload/Zeegnal.app/PlugIns/OneSignalNotificationServiceExtension.appex: signed bundle with Mach-O thin (arm64) [com.qucoon.mboile.zeegnalapp.OneSignalNotificationServiceExtension]
2018-04-02 14:34:57 +0000  2018-04-02 14:34:57 +0000  

2018-04-02 14:34:57 +0000  
2018-04-02 14:34:57 +0000  
2018-04-02 14:34:57 +0000  
2018-04-02 14:34:57 +0000  
2018-04-02 14:34:57 +0000  
2018-04-02 14:34:57 +0000  
2018-04-02 14:34:57 +0000  2018-04-02 14:34:57 +0000  

2018-04-02 14:34:57 +0000  
2018-04-02 14:34:57 +0000  
2018-04-02 14:34:57 +0000  
2018-04-02 14:34:57 +0000  
2018-04-02 14:34:57 +0000  2018-04-02 14:34:57 +0000  

2018-04-02 14:34:57 +0000  
2018-04-02 14:34:57 +0000  
2018-04-02 14:34:57 +0000 [MT] /usr/bin/codesign exited with 0
2018-04-02 14:34:57 +0000  
2018-04-02 14:34:57 +0000  
2018-04-02 14:34:57 +0000  
2018-04-02 14:34:57 +0000 [MT] Applying entitlements delta for <IDEDistributionItem: 0x7f8f1c140f30 'com.qucoon.mboile.zeegnalapp' '<DVTFilePath:0x7f8f1be86860:'/Users/val/Desktop/ionicmobile/keystonemobile/zeegnaltabdemo/platforms/ios/Zeegnal.xcarchive/Products/Applications/Zeegnal.app'>'> from <IDEiCloudEntitlementsProcessor: 0x7f8f1c16e090>: {
}
2018-04-02 14:34:57 +0000 [MT] Entitlements for <IDEDistributionItem: 0x7f8f1c140f30 'com.qucoon.mboile.zeegnalapp' '<DVTFilePath:0x7f8f1be86860:'/Users/val/Desktop/ionicmobile/keystonemobile/zeegnaltabdemo/platforms/ios/Zeegnal.xcarchive/Products/Applications/Zeegnal.app'>'>: {
    "application-identifier" = "82FC3C5895.com.qucoon.mboile.zeegnalapp";
    "aps-environment" = development;
    "com.apple.developer.team-identifier" = 82FC3C5895;
    "get-task-allow" = 1;
}
2018-04-02 14:34:57 +0000 [MT] Writing entitlements for <IDEDistributionItem: 0x7f8f1c140f30 'com.qucoon.mboile.zeegnalapp' '<DVTFilePath:0x7f8f1be86860:'/Users/val/Desktop/ionicmobile/keystonemobile/zeegnaltabdemo/platforms/ios/Zeegnal.xcarchive/Products/Applications/Zeegnal.app'>'> to: /var/folders/r_/9vlrvd8d0r5bk4zpbmlxxnbm0000gn/T/XcodeDistPipeline.z7g/entitlementsuqoAzg
2018-04-02 14:34:57 +0000 [MT] Running /usr/bin/codesign '-vvv' '--force' '--sign' 'A31B5809C64329989926ED913E9510FF025E9ABA' '--preserve-metadata=identifier,flags' '--entitlements' '/var/folders/r_/9vlrvd8d0r5bk4zpbmlxxnbm0000gn/T/XcodeDistPipeline.z7g/entitlementsuqoAzg' '/var/folders/r_/9vlrvd8d0r5bk4zpbmlxxnbm0000gn/T/XcodeDistPipeline.z7g/Root/Payload/Zeegnal.app'
2018-04-02 14:34:57 +0000  /var/folders/r_/9vlrvd8d0r5bk4zpbmlxxnbm0000gn/T/XcodeDistPipeline.z7g/Root/Payload/Zeegnal.app: replacing existing signature
2018-04-02 14:34:57 +0000  /var/folders/r_/9vlrvd8d0r5bk4zpbmlxxnbm0000gn/T/XcodeDistPipeline.z7g/Root/Payload/Zeegnal.app: signed app bundle with Mach-O universal (armv7 arm64) [com.qucoon.mboile.zeegnalapp]
2018-04-02 14:34:57 +0000  
2018-04-02 14:34:57 +0000  
2018-04-02 14:34:57 +0000  
2018-04-02 14:34:57 +0000  
2018-04-02 14:34:57 +0000  
2018-04-02 14:34:57 +0000  
2018-04-02 14:34:57 +0000  
2018-04-02 14:34:57 +0000  
2018-04-02 14:34:57 +0000  
2018-04-02 14:34:57 +0000  
2018-04-02 14:34:57 +0000  
2018-04-02 14:34:57 +0000  
2018-04-02 14:34:57 +0000  
2018-04-02 14:34:57 +0000  
2018-04-02 14:34:57 +0000  
2018-04-02 14:34:57 +0000  
2018-04-02 14:34:57 +0000  
2018-04-02 14:34:57 +0000  
2018-04-02 14:34:57 +0000  
2018-04-02 14:34:57 +0000  
2018-04-02 14:34:57 +0000  
2018-04-02 14:34:57 +0000  
2018-04-02 14:34:57 +0000 [MT] /usr/bin/codesign exited with 02018-04-02 14:34:57 +0000  
2018-04-02 14:34:57 +0000  

2018-04-02 14:34:57 +0000  
2018-04-02 14:34:57 +0000  
2018-04-02 14:34:57 +0000 [MT] Processing step: IDEDistributionStreamingZipItemStep
2018-04-02 14:34:57 +0000 [MT] Skipping step: IDEDistributionStreamingZipItemStep because it said so
2018-04-02 14:34:57 +0000 [MT] Skipping step: IDEDistributionStreamingZipItemStep because it said so
2018-04-02 14:34:57 +0000 [MT] Processing step: IDEDistributionCreateIPAStep
2018-04-02 14:34:57 +0000 [MT] Running /usr/bin/ditto '-V' '-c' '-k' '--norsrc' '/var/folders/r_/9vlrvd8d0r5bk4zpbmlxxnbm0000gn/T/XcodeDistPipeline.z7g/Root' '/var/folders/r_/9vlrvd8d0r5bk4zpbmlxxnbm0000gn/T/XcodeDistPipeline.z7g/Packages/Zeegnal.ipa'
2018-04-02 14:34:57 +0000  >>> Copying /var/folders/r_/9vlrvd8d0r5bk4zpbmlxxnbm0000gn/T/XcodeDistPipeline.z7g/Root 
2018-04-02 14:34:57 +0000  copying file ./Payload/Zeegnal.app/_CodeSignature/CodeResources ... 
2018-04-02 14:34:57 +0000  66347 bytes for ./Payload/Zeegnal.app/_CodeSignature/CodeResources
2018-04-02 14:34:57 +0000  copying file ./Payload/Zeegnal.app/scannerOverlay.nib ... 
1462 bytes for ./Payload/Zeegnal.app/scannerOverlay.nib
copying file ./Payload/Zeegnal.app/LaunchImage@2x.png ... 
2018-04-02 14:34:57 +0000  24177 bytes for ./Payload/Zeegnal.app/LaunchImage@2x.png
copying file ./Payload/Zeegnal.app/AppIcon20x20@2x.png ... 
2018-04-02 14:34:57 +0000  1994 bytes for ./Payload/Zeegnal.app/AppIcon20x20@2x.png
copying file ./Payload/Zeegnal.app/MainViewController.nib ... 
2018-04-02 14:34:57 +0000  943 bytes for ./Payload/Zeegnal.app/MainViewController.nib
2018-04-02 14:34:57 +0000  copying file ./Payload/Zeegnal.app/AppIcon57x57.png ... 
3286 bytes for ./Payload/Zeegnal.app/AppIcon57x57.png
copying file ./Payload/Zeegnal.app/AppIcon20x20@3x.png ... 
3566 bytes for ./Payload/Zeegnal.app/AppIcon20x20@3x.png
copying file ./Payload/Zeegnal.app/AppIcon29x29.png ... 
1423 bytes for ./Payload/Zeegnal.app/AppIcon29x29.png
copying file ./Payload/Zeegnal.app/LaunchImage-568h@2x.png ... 
2018-04-02 14:34:57 +0000  41186 bytes for ./Payload/Zeegnal.app/LaunchImage-568h@2x.png
2018-04-02 14:34:57 +0000  copying file ./Payload/Zeegnal.app/PlugIns/OneSignalNotificationServiceExtension.appex/_CodeSignature/CodeResources ... 
2846 bytes for ./Payload/Zeegnal.app/PlugIns/OneSignalNotificationServiceExtension.appex/_CodeSignature/CodeResources
copying file ./Payload/Zeegnal.app/PlugIns/OneSignalNotificationServiceExtension.appex/OneSignalNotificationServiceExtension ... 
2018-04-02 14:34:58 +0000  419712 bytes for ./Payload/Zeegnal.app/PlugIns/OneSignalNotificationServiceExtension.appex/OneSignalNotificationServiceExtension
copying file ./Payload/Zeegnal.app/PlugIns/OneSignalNotificationServiceExtension.appex/archived-expanded-entitlements.xcent ... 
2018-04-02 14:34:58 +0000  246 bytes for ./Payload/Zeegnal.app/PlugIns/OneSignalNotificationServiceExtension.appex/archived-expanded-entitlements.xcent
copying file ./Payload/Zeegnal.app/PlugIns/OneSignalNotificationServiceExtension.appex/embedded.mobileprovision ... 
13764 bytes for ./Payload/Zeegnal.app/PlugIns/OneSignalNotificationServiceExtension.appex/embedded.mobileprovision
copying file ./Payload/Zeegnal.app/PlugIns/OneSignalNotificationServiceExtension.appex/Info.plist ... 
997 bytes for ./Payload/Zeegnal.app/PlugIns/OneSignalNotificationServiceExtension.appex/Info.plist
copying file ./Payload/Zeegnal.app/AppIcon60x60@2x.png ... 
11724 bytes for ./Payload/Zeegnal.app/AppIcon60x60@2x.png
copying file ./Payload/Zeegnal.app/AppIcon72x72@2x~ipad.png ... 
2018-04-02 14:34:58 +0000  16424 bytes for ./Payload/Zeegnal.app/AppIcon72x72@2x~ipad.png
copying file ./Payload/Zeegnal.app/AppIcon29x29@2x.png ... 
2018-04-02 14:34:58 +0000  3429 bytes for ./Payload/Zeegnal.app/AppIcon29x29@2x.png
2018-04-02 14:34:58 +0000  copying file ./Payload/Zeegnal.app/LaunchImage-800-667h@2x.png ... 
2018-04-02 14:34:58 +0000  49697 bytes for ./Payload/Zeegnal.app/LaunchImage-800-667h@2x.png
copying file ./Payload/Zeegnal.app/LaunchImage-Portrait@2x~ipad.png ... 
2018-04-02 14:34:58 +0000  142592 bytes for ./Payload/Zeegnal.app/LaunchImage-Portrait@2x~ipad.png
copying file ./Payload/Zeegnal.app/Zeegnal ... 
2018-04-02 14:34:58 +0000  4040048 bytes for ./Payload/Zeegnal.app/Zeegnal
copying file ./Payload/Zeegnal.app/AppIcon40x40@3x.png ... 
2018-04-02 14:34:58 +0000  11724 bytes for ./Payload/Zeegnal.app/AppIcon40x40@3x.png
2018-04-02 14:34:58 +0000  copying file ./Payload/Zeegnal.app/AppIcon57x57@2x.png ... 
2018-04-02 14:34:58 +0000  10729 bytes for ./Payload/Zeegnal.app/AppIcon57x57@2x.png
2018-04-02 14:34:58 +0000  copying file ./Payload/Zeegnal.app/AppIcon29x29~ipad.png ... 
2018-04-02 14:34:58 +0000  1423 bytes for ./Payload/Zeegnal.app/AppIcon29x29~ipad.png
copying file ./Payload/Zeegnal.app/AppIcon40x40@2x.png ... 
2018-04-02 14:34:58 +0000  6248 bytes for ./Payload/Zeegnal.app/AppIcon40x40@2x.png
copying file ./Payload/Zeegnal.app/LaunchImage-Portrait~ipad.png ... 
2018-04-02 14:34:58 +0000  44553 bytes for ./Payload/Zeegnal.app/LaunchImage-Portrait~ipad.png
copying file ./Payload/Zeegnal.app/AppIcon29x29@3x.png ... 
2018-04-02 14:34:58 +0000  7058 bytes for ./Payload/Zeegnal.app/AppIcon29x29@3x.png
copying file ./Payload/Zeegnal.app/AppIcon60x60@3x.png ... 
2018-04-02 14:34:58 +0000  25993 bytes for ./Payload/Zeegnal.app/AppIcon60x60@3x.png
copying file ./Payload/Zeegnal.app/config.xml ... 
2018-04-02 14:34:58 +0000  7153 bytes for ./Payload/Zeegnal.app/config.xml
copying file ./Payload/Zeegnal.app/www/index.html ... 
2514 bytes for ./Payload/Zeegnal.app/www/index.html
copying file ./Payload/Zeegnal.app/www/cordova.js ... 
2018-04-02 14:34:58 +0000  78044 bytes for ./Payload/Zeegnal.app/www/cordova.js
2018-04-02 14:34:58 +0000  copying file ./Payload/Zeegnal.app/www/plugins/cordova-plugin-ionic-webview/src/www/ios/ios-wkwebview-exec.js ... 
6167 bytes for ./Payload/Zeegnal.app/www/plugins/cordova-plugin-ionic-webview/src/www/ios/ios-wkwebview-exec.js
copying file ./Payload/Zeegnal.app/www/plugins/onesignal-cordova-plugin/www/OneSignal.js ... 
2018-04-02 14:34:58 +0000  10648 bytes for ./Payload/Zeegnal.app/www/plugins/onesignal-cordova-plugin/www/OneSignal.js
2018-04-02 14:34:58 +0000  copying file ./Payload/Zeegnal.app/www/plugins/cordova-plugin-device/www/device.js ... 
2018-04-02 14:34:58 +0000  3070 bytes for ./Payload/Zeegnal.app/www/plugins/cordova-plugin-device/www/device.js
2018-04-02 14:34:58 +0000  copying file ./Payload/Zeegnal.app/www/plugins/cordova-plugin-contacts/www/ContactError.js ... 
2018-04-02 14:34:58 +0000  1479 bytes for ./Payload/Zeegnal.app/www/plugins/cordova-plugin-contacts/www/ContactError.js
copying file ./Payload/Zeegnal.app/www/plugins/cordova-plugin-contacts/www/ContactAddress.js ... 
2018-04-02 14:34:58 +0000  1668 bytes for ./Payload/Zeegnal.app/www/plugins/cordova-plugin-contacts/www/ContactAddress.js
2018-04-02 14:34:58 +0000  copying file ./Payload/Zeegnal.app/www/plugins/cordova-plugin-contacts/www/ContactFindOptions.js ... 
2018-04-02 14:34:58 +0000  1648 bytes for ./Payload/Zeegnal.app/www/plugins/cordova-plugin-contacts/www/ContactFindOptions.js
copying file ./Payload/Zeegnal.app/www/plugins/cordova-plugin-contacts/www/ContactField.js ... 
2018-04-02 14:34:58 +0000  1376 bytes for ./Payload/Zeegnal.app/www/plugins/cordova-plugin-contacts/www/ContactField.js
copying file ./Payload/Zeegnal.app/www/plugins/cordova-plugin-contacts/www/ContactOrganization.js ... 
2018-04-02 14:34:58 +0000  1355 bytes for ./Payload/Zeegnal.app/www/plugins/cordova-plugin-contacts/www/ContactOrganization.js
copying file ./Payload/Zeegnal.app/www/plugins/cordova-plugin-contacts/www/contacts.js ... 
2018-04-02 14:34:58 +0000  3755 bytes for ./Payload/Zeegnal.app/www/plugins/cordova-plugin-contacts/www/contacts.js
2018-04-02 14:34:58 +0000  copying file ./Payload/Zeegnal.app/www/plugins/cordova-plugin-contacts/www/ios/contacts.js ... 
2018-04-02 14:34:58 +0000  2470 bytes for ./Payload/Zeegnal.app/www/plugins/cordova-plugin-contacts/www/ios/contacts.js
copying file ./Payload/Zeegnal.app/www/plugins/cordova-plugin-contacts/www/ios/Contact.js ... 
2018-04-02 14:34:58 +0000  1829 bytes for ./Payload/Zeegnal.app/www/plugins/cordova-plugin-contacts/www/ios/Contact.js
2018-04-02 14:34:58 +0000  copying file ./Payload/Zeegnal.app/www/plugins/cordova-plugin-contacts/www/ContactName.js ... 
2018-04-02 14:34:58 +0000  1455 bytes for ./Payload/Zeegnal.app/www/plugins/cordova-plugin-contacts/www/ContactName.js
copying file ./Payload/Zeegnal.app/www/plugins/cordova-plugin-contacts/www/Contact.js ... 
2018-04-02 14:34:58 +0000  4877 bytes for ./Payload/Zeegnal.app/www/plugins/cordova-plugin-contacts/www/Contact.js
2018-04-02 14:34:58 +0000  copying file ./Payload/Zeegnal.app/www/plugins/cordova-plugin-contacts/www/convertUtils.js ... 
2018-04-02 14:34:58 +0000  2384 bytes for ./Payload/Zeegnal.app/www/plugins/cordova-plugin-contacts/www/convertUtils.js
copying file ./Payload/Zeegnal.app/www/plugins/cordova-plugin-contacts/www/ContactFieldType.js ... 
2018-04-02 14:34:58 +0000  2059 bytes for ./Payload/Zeegnal.app/www/plugins/cordova-plugin-contacts/www/ContactFieldType.js
2018-04-02 14:34:58 +0000  copying file ./Payload/Zeegnal.app/www/plugins/cordova-plugin-ionic/www/common.js ... 
2018-04-02 14:34:58 +0000  2217 bytes for ./Payload/Zeegnal.app/www/plugins/cordova-plugin-ionic/www/common.js
2018-04-02 14:34:58 +0000  copying file ./Payload/Zeegnal.app/www/plugins/cordova-plugin-appversion/www/app-version.js ... 
2018-04-02 14:34:58 +0000  2641 bytes for ./Payload/Zeegnal.app/www/plugins/cordova-plugin-appversion/www/app-version.js
2018-04-02 14:34:58 +0000  copying file ./Payload/Zeegnal.app/www/plugins/cordova-plugin-sim/www/sim.js ... 
2018-04-02 14:34:58 +0000  241 bytes for ./Payload/Zeegnal.app/www/plugins/cordova-plugin-sim/www/sim.js
2018-04-02 14:34:58 +0000  copying file ./Payload/Zeegnal.app/www/plugins/cordova-plugin-vibration/www/vibration.js ... 
2018-04-02 14:34:58 +0000  3541 bytes for ./Payload/Zeegnal.app/www/plugins/cordova-plugin-vibration/www/vibration.js
2018-04-02 14:34:58 +0000  copying file ./Payload/Zeegnal.app/www/plugins/phonegap-plugin-barcodescanner/www/barcodescanner.js ... 
2018-04-02 14:34:58 +0000  5020 bytes for ./Payload/Zeegnal.app/www/plugins/phonegap-plugin-barcodescanner/www/barcodescanner.js
2018-04-02 14:34:58 +0000  copying file ./Payload/Zeegnal.app/www/plugins/cordova-plugin-app-update/www/AppUpdate.js ... 
2018-04-02 14:34:58 +0000  1447 bytes for ./Payload/Zeegnal.app/www/plugins/cordova-plugin-app-update/www/AppUpdate.js
2018-04-02 14:34:58 +0000  copying file ./Payload/Zeegnal.app/www/plugins/cordova-plugin-appminimize/www/AppMinimize.js ... 
2018-04-02 14:34:58 +0000  397 bytes for ./Payload/Zeegnal.app/www/plugins/cordova-plugin-appminimize/www/AppMinimize.js
2018-04-02 14:34:58 +0000  copying file ./Payload/Zeegnal.app/www/plugins/cordova-plugin-dialogs/www/notification.js ... 
2018-04-02 14:34:58 +0000  6013 bytes for ./Payload/Zeegnal.app/www/plugins/cordova-plugin-dialogs/www/notification.js
2018-04-02 14:34:58 +0000  copying file ./Payload/Zeegnal.app/www/plugins/cordova-plugin-splashscreen/www/splashscreen.js ... 
2018-04-02 14:34:58 +0000  1173 bytes for ./Payload/Zeegnal.app/www/plugins/cordova-plugin-splashscreen/www/splashscreen.js
2018-04-02 14:34:58 +0000  copying file ./Payload/Zeegnal.app/www/plugins/cordova-plugin-ionic-keyboard/www/ios/keyboard.js ... 
2018-04-02 14:34:58 +0000  2676 bytes for ./Payload/Zeegnal.app/www/plugins/cordova-plugin-ionic-keyboard/www/ios/keyboard.js
2018-04-02 14:34:58 +0000  copying file ./Payload/Zeegnal.app/www/cordova-js-src/exec.js ... 
2018-04-02 14:34:58 +0000  8877 bytes for ./Payload/Zeegnal.app/www/cordova-js-src/exec.js
2018-04-02 14:34:58 +0000  copying file ./Payload/Zeegnal.app/www/cordova-js-src/plugin/ios/logger.js ... 
2018-04-02 14:34:58 +0000  10233 bytes for ./Payload/Zeegnal.app/www/cordova-js-src/plugin/ios/logger.js
copying file ./Payload/Zeegnal.app/www/cordova-js-src/plugin/ios/console.js ... 
2018-04-02 14:34:58 +0000  6822 bytes for ./Payload/Zeegnal.app/www/cordova-js-src/plugin/ios/console.js
2018-04-02 14:34:58 +0000  copying file ./Payload/Zeegnal.app/www/cordova-js-src/platform.js ... 
2018-04-02 14:34:58 +0000  1168 bytes for ./Payload/Zeegnal.app/www/cordova-js-src/platform.js
copying file ./Payload/Zeegnal.app/www/manifest.json ... 
2018-04-02 14:34:58 +0000  266 bytes for ./Payload/Zeegnal.app/www/manifest.json
copying file ./Payload/Zeegnal.app/www/cordova_plugins.js ... 
2018-04-02 14:34:58 +0000  6194 bytes for ./Payload/Zeegnal.app/www/cordova_plugins.js
copying file ./Payload/Zeegnal.app/www/service-worker.js ... 
2018-04-02 14:34:58 +0000  741 bytes for ./Payload/Zeegnal.app/www/service-worker.js
2018-04-02 14:34:58 +0000  copying file ./Payload/Zeegnal.app/www/build/main.js.map ... 
2018-04-02 14:34:58 +0000  122351 bytes for ./Payload/Zeegnal.app/www/build/main.js.map
copying file ./Payload/Zeegnal.app/www/build/main.css.map ... 
2018-04-02 14:34:58 +0000  4 bytes for ./Payload/Zeegnal.app/www/build/main.css.map
copying file ./Payload/Zeegnal.app/www/build/polyfills.js ... 
2018-04-02 14:34:58 +0000  97180 bytes for ./Payload/Zeegnal.app/www/build/polyfills.js
copying file ./Payload/Zeegnal.app/www/build/main.css ... 
2018-04-02 14:34:58 +0000  1002985 bytes for ./Payload/Zeegnal.app/www/build/main.css
2018-04-02 14:34:58 +0000  copying file ./Payload/Zeegnal.app/www/build/vendor.js ... 
2018-04-02 14:34:58 +0000  5601024 bytes for ./Payload/Zeegnal.app/www/build/vendor.js
copying file ./Payload/Zeegnal.app/www/build/main.js ... 
2018-04-02 14:34:58 +0000  123598 bytes for ./Payload/Zeegnal.app/www/build/main.js
2018-04-02 14:34:58 +0000  copying file ./Payload/Zeegnal.app/www/build/0.js.map ... 
1810 bytes for ./Payload/Zeegnal.app/www/build/0.js.map
copying file ./Payload/Zeegnal.app/www/build/0.js ... 
4580 bytes for ./Payload/Zeegnal.app/www/build/0.js
copying file ./Payload/Zeegnal.app/www/build/sw-toolbox.js ... 
15793 bytes for ./Payload/Zeegnal.app/www/build/sw-toolbox.js
copying file ./Payload/Zeegnal.app/www/build/vendor.js.map ... 
2018-04-02 14:34:58 +0000  6563390 bytes for ./Payload/Zeegnal.app/www/build/vendor.js.map
2018-04-02 14:34:58 +0000  copying file ./Payload/Zeegnal.app/www/assets/css/animate.min.css ... 
17458 bytes for ./Payload/Zeegnal.app/www/assets/css/animate.min.css
copying file ./Payload/Zeegnal.app/www/assets/css/global.style.css ... 
48369 bytes for ./Payload/Zeegnal.app/www/assets/css/global.style.css
copying file ./Payload/Zeegnal.app/www/assets/css/animate.css ... 
2018-04-02 14:34:58 +0000  23848 bytes for ./Payload/Zeegnal.app/www/assets/css/animate.css
2018-04-02 14:34:58 +0000  copying file ./Payload/Zeegnal.app/www/assets/css/fontawesome-all.css ... 
2018-04-02 14:34:58 +0000  44007 bytes for ./Payload/Zeegnal.app/www/assets/css/fontawesome-all.css
copying file ./Payload/Zeegnal.app/www/assets/css/font-awesome.css ... 
2018-04-02 14:34:58 +0000  37414 bytes for ./Payload/Zeegnal.app/www/assets/css/font-awesome.css
copying file ./Payload/Zeegnal.app/www/assets/css/font-awesome.min.css ... 
2018-04-02 14:34:58 +0000  31000 bytes for ./Payload/Zeegnal.app/www/assets/css/font-awesome.min.css
2018-04-02 14:34:58 +0000  copying file ./Payload/Zeegnal.app/www/assets/imgs/logo.png ... 
2018-04-02 14:34:58 +0000  39757 bytes for ./Payload/Zeegnal.app/www/assets/imgs/logo.png
2018-04-02 14:34:58 +0000  copying file ./Payload/Zeegnal.app/www/assets/plugins/smartphoto/css/smartphoto.min.css ... 
2018-04-02 14:34:58 +0000  7224 bytes for ./Payload/Zeegnal.app/www/assets/plugins/smartphoto/css/smartphoto.min.css
2018-04-02 14:34:58 +0000  copying file ./Payload/Zeegnal.app/www/assets/plugins/smartphoto/js/smartphoto.min.js ... 
2018-04-02 14:34:58 +0000  44876 bytes for ./Payload/Zeegnal.app/www/assets/plugins/smartphoto/js/smartphoto.min.js
2018-04-02 14:34:58 +0000  copying file ./Payload/Zeegnal.app/www/assets/plugins/turbo-slider/turbo.js ... 
2018-04-02 14:34:58 +0000  40992 bytes for ./Payload/Zeegnal.app/www/assets/plugins/turbo-slider/turbo.js
copying file ./Payload/Zeegnal.app/www/assets/plugins/turbo-slider/turbo.css ... 
2018-04-02 14:34:58 +0000  2052 bytes for ./Payload/Zeegnal.app/www/assets/plugins/turbo-slider/turbo.css
copying file ./Payload/Zeegnal.app/www/assets/plugins/turbo-slider/turbo.min.js ... 
2018-04-02 14:34:58 +0000  19701 bytes for ./Payload/Zeegnal.app/www/assets/plugins/turbo-slider/turbo.min.js
copying file ./Payload/Zeegnal.app/www/assets/plugins/turbo-slider/Read me.txt ... 
2018-04-02 14:34:58 +0000  502 bytes for ./Payload/Zeegnal.app/www/assets/plugins/turbo-slider/Read me.txt
2018-04-02 14:34:58 +0000  copying file ./Payload/Zeegnal.app/www/assets/js/jquery-3.2.1.min.js ... 
2018-04-02 14:34:58 +0000  86659 bytes for ./Payload/Zeegnal.app/www/assets/js/jquery-3.2.1.min.js
2018-04-02 14:34:58 +0000  copying file ./Payload/Zeegnal.app/www/assets/js/global.script.js ... 
2018-04-02 14:34:58 +0000  5866 bytes for ./Payload/Zeegnal.app/www/assets/js/global.script.js
2018-04-02 14:34:58 +0000  copying file ./Payload/Zeegnal.app/www/assets/fontello/fontello.ttf ... 
2018-04-02 14:34:58 +0000  141596 bytes for ./Payload/Zeegnal.app/www/assets/fontello/fontello.ttf
copying file ./Payload/Zeegnal.app/www/assets/fontello/fontello.woff ... 
2018-04-02 14:34:58 +0000  72828 bytes for ./Payload/Zeegnal.app/www/assets/fontello/fontello.woff
2018-04-02 14:34:58 +0000  copying file ./Payload/Zeegnal.app/www/assets/fontello/fontello.eot ... 
2018-04-02 14:34:58 +0000  141764 bytes for ./Payload/Zeegnal.app/www/assets/fontello/fontello.eot
2018-04-02 14:34:58 +0000  copying file ./Payload/Zeegnal.app/www/assets/fontello/fontello.svg ... 
2018-04-02 14:34:58 +0000  280009 bytes for ./Payload/Zeegnal.app/www/assets/fontello/fontello.svg
2018-04-02 14:34:58 +0000  copying file ./Payload/Zeegnal.app/www/assets/img/Zeengalblack.png ... 
1058 bytes for ./Payload/Zeegnal.app/www/assets/img/Zeengalblack.png
copying file ./Payload/Zeegnal.app/www/assets/img/app-logo.png ... 
2743 bytes for ./Payload/Zeegnal.app/www/assets/img/app-logo.png
copying file ./Payload/Zeegnal.app/www/assets/img/gallery/img9.jpg ... 
2018-04-02 14:34:58 +0000  22148 bytes for ./Payload/Zeegnal.app/www/assets/img/gallery/img9.jpg
2018-04-02 14:34:58 +0000  copying file ./Payload/Zeegnal.app/www/assets/img/gallery/img8.jpg ... 
2018-04-02 14:34:58 +0000  75654 bytes for ./Payload/Zeegnal.app/www/assets/img/gallery/img8.jpg
2018-04-02 14:34:58 +0000  copying file ./Payload/Zeegnal.app/www/assets/img/gallery/img5.jpg ... 
2018-04-02 14:34:58 +0000  98865 bytes for ./Payload/Zeegnal.app/www/assets/img/gallery/img5.jpg
copying file ./Payload/Zeegnal.app/www/assets/img/gallery/img4.jpg ... 
2018-04-02 14:34:58 +0000  55594 bytes for ./Payload/Zeegnal.app/www/assets/img/gallery/img4.jpg
copying file ./Payload/Zeegnal.app/www/assets/img/gallery/img6.jpg ... 
2018-04-02 14:34:58 +0000  23221 bytes for ./Payload/Zeegnal.app/www/assets/img/gallery/img6.jpg
2018-04-02 14:34:58 +0000  copying file ./Payload/Zeegnal.app/www/assets/img/gallery/img7.jpg ... 
2018-04-02 14:34:58 +0000  30844 bytes for ./Payload/Zeegnal.app/www/assets/img/gallery/img7.jpg
2018-04-02 14:34:58 +0000  copying file ./Payload/Zeegnal.app/www/assets/img/gallery/img3.jpg ... 
2018-04-02 14:34:58 +0000  28284 bytes for ./Payload/Zeegnal.app/www/assets/img/gallery/img3.jpg
2018-04-02 14:34:58 +0000  copying file ./Payload/Zeegnal.app/www/assets/img/gallery/img2.jpg ... 
2018-04-02 14:34:58 +0000  71741 bytes for ./Payload/Zeegnal.app/www/assets/img/gallery/img2.jpg
2018-04-02 14:34:58 +0000  copying file ./Payload/Zeegnal.app/www/assets/img/gallery/img1.jpg ... 
2018-04-02 14:34:58 +0000  52205 bytes for ./Payload/Zeegnal.app/www/assets/img/gallery/img1.jpg
2018-04-02 14:34:58 +0000  copying file ./Payload/Zeegnal.app/www/assets/img/gallery/img14.jpg ... 
2018-04-02 14:34:58 +0000  73893 bytes for ./Payload/Zeegnal.app/www/assets/img/gallery/img14.jpg
2018-04-02 14:34:58 +0000  copying file ./Payload/Zeegnal.app/www/assets/img/gallery/img11.jpg ... 
2018-04-02 14:34:58 +0000  69103 bytes for ./Payload/Zeegnal.app/www/assets/img/gallery/img11.jpg
2018-04-02 14:34:58 +0000  copying file ./Payload/Zeegnal.app/www/assets/img/gallery/img10.jpg ... 
59241 bytes for ./Payload/Zeegnal.app/www/assets/img/gallery/img10.jpg
2018-04-02 14:34:58 +0000  copying file ./Payload/Zeegnal.app/www/assets/img/gallery/img12.jpg ... 
2018-04-02 14:34:58 +0000  41961 bytes for ./Payload/Zeegnal.app/www/assets/img/gallery/img12.jpg
2018-04-02 14:34:58 +0000  copying file ./Payload/Zeegnal.app/www/assets/img/gallery/img13.jpg ... 
2018-04-02 14:34:58 +0000  111596 bytes for ./Payload/Zeegnal.app/www/assets/img/gallery/img13.jpg
2018-04-02 14:34:58 +0000  copying file ./Payload/Zeegnal.app/www/assets/img/background-image.jpg ... 
2018-04-02 14:34:58 +0000  46558 bytes for ./Payload/Zeegnal.app/www/assets/img/background-image.jpg
2018-04-02 14:34:58 +0000  copying file ./Payload/Zeegnal.app/www/assets/img/avatar.png ... 
2018-04-02 14:34:58 +0000  46260 bytes for ./Payload/Zeegnal.app/www/assets/img/avatar.png
copying file ./Payload/Zeegnal.app/www/assets/img/avatar-bg.jpg ... 
2018-04-02 14:34:58 +0000  102603 bytes for ./Payload/Zeegnal.app/www/assets/img/avatar-bg.jpg
2018-04-02 14:34:58 +0000  copying file ./Payload/Zeegnal.app/www/assets/img/icons/hamburguer.png ... 
6304 bytes for ./Payload/Zeegnal.app/www/assets/img/icons/hamburguer.png
copying file ./Payload/Zeegnal.app/www/assets/img/icons/map-location.png ... 
852 bytes for ./Payload/Zeegnal.app/www/assets/img/icons/map-location.png
copying file ./Payload/Zeegnal.app/www/assets/img/icons/rice.png ... 
8020 bytes for ./Payload/Zeegnal.app/www/assets/img/icons/rice.png
copying file ./Payload/Zeegnal.app/www/assets/img/icons/doughnut.png ... 
2018-04-02 14:34:58 +0000  10099 bytes for ./Payload/Zeegnal.app/www/assets/img/icons/doughnut.png
copying file ./Payload/Zeegnal.app/www/assets/img/icons/address-book.png ... 
2018-04-02 14:34:58 +0000  13796 bytes for ./Payload/Zeegnal.app/www/assets/img/icons/address-book.png
copying file ./Payload/Zeegnal.app/www/assets/img/icons/noodles.png ... 
2018-04-02 14:34:58 +0000  11700 bytes for ./Payload/Zeegnal.app/www/assets/img/icons/noodles.png
2018-04-02 14:34:58 +0000  copying file ./Payload/Zeegnal.app/www/assets/img/assets/product-3.jpg ... 
2018-04-02 14:34:58 +0000  50140 bytes for ./Payload/Zeegnal.app/www/assets/img/assets/product-3.jpg
2018-04-02 14:34:58 +0000  copying file ./Payload/Zeegnal.app/www/assets/img/assets/product-2.jpg ... 
31516 bytes for ./Payload/Zeegnal.app/www/assets/img/assets/product-2.jpg
copying file ./Payload/Zeegnal.app/www/assets/img/assets/product-1.jpg ... 
2018-04-02 14:34:58 +0000  46227 bytes for ./Payload/Zeegnal.app/www/assets/img/assets/product-1.jpg
copying file ./Payload/Zeegnal.app/www/assets/img/assets/product-5.jpg ... 
2018-04-02 14:34:58 +0000  40120 bytes for ./Payload/Zeegnal.app/www/assets/img/assets/product-5.jpg
copying file ./Payload/Zeegnal.app/www/assets/img/assets/product-4.jpg ... 
2018-04-02 14:34:58 +0000  43367 bytes for ./Payload/Zeegnal.app/www/assets/img/assets/product-4.jpg
copying file ./Payload/Zeegnal.app/www/assets/img/assets/product-6.jpg ... 
2018-04-02 14:34:58 +0000  36515 bytes for ./Payload/Zeegnal.app/www/assets/img/assets/product-6.jpg
2018-04-02 14:34:58 +0000  copying file ./Payload/Zeegnal.app/www/assets/img/assets/post-img-3.jpg ... 
2018-04-02 14:34:58 +0000  61035 bytes for ./Payload/Zeegnal.app/www/assets/img/assets/post-img-3.jpg
2018-04-02 14:34:58 +0000  copying file ./Payload/Zeegnal.app/www/assets/img/assets/post-img-2.jpg ... 
2018-04-02 14:34:58 +0000  30714 bytes for ./Payload/Zeegnal.app/www/assets/img/assets/post-img-2.jpg
copying file ./Payload/Zeegnal.app/www/assets/img/assets/post-img-1.jpg ... 
2018-04-02 14:34:58 +0000  60750 bytes for ./Payload/Zeegnal.app/www/assets/img/assets/post-img-1.jpg
2018-04-02 14:34:58 +0000  copying file ./Payload/Zeegnal.app/www/assets/img/assets/news-list-image-1.jpg ... 
2018-04-02 14:34:58 +0000  4626 bytes for ./Payload/Zeegnal.app/www/assets/img/assets/news-list-image-1.jpg
copying file ./Payload/Zeegnal.app/www/assets/img/assets/news-list-image-2.jpg ... 
2018-04-02 14:34:58 +0000  3775 bytes for ./Payload/Zeegnal.app/www/assets/img/assets/news-list-image-2.jpg
copying file ./Payload/Zeegnal.app/www/assets/img/assets/news-list-image-3.jpg ... 
2018-04-02 14:34:58 +0000  2877 bytes for ./Payload/Zeegnal.app/www/assets/img/assets/news-list-image-3.jpg
2018-04-02 14:34:58 +0000  copying file ./Payload/Zeegnal.app/www/assets/icon/favicon.ico ... 
2018-04-02 14:34:58 +0000  1981 bytes for ./Payload/Zeegnal.app/www/assets/icon/favicon.ico
2018-04-02 14:34:58 +0000  copying file ./Payload/Zeegnal.app/www/assets/fonts/roboto-medium.ttf ... 
2018-04-02 14:34:58 +0000  19752 bytes for ./Payload/Zeegnal.app/www/assets/fonts/roboto-medium.ttf
copying file ./Payload/Zeegnal.app/www/assets/fonts/roboto-light.woff2 ... 
2018-04-02 14:34:58 +0000  10220 bytes for ./Payload/Zeegnal.app/www/assets/fonts/roboto-light.woff2
copying file ./Payload/Zeegnal.app/www/assets/fonts/fontawesome-webfont.svg ... 
2018-04-02 14:34:58 +0000  444379 bytes for ./Payload/Zeegnal.app/www/assets/fonts/fontawesome-webfont.svg
2018-04-02 14:34:58 +0000  copying file ./Payload/Zeegnal.app/www/assets/fonts/roboto-light.ttf ... 
2018-04-02 14:34:58 +0000  19908 bytes for ./Payload/Zeegnal.app/www/assets/fonts/roboto-light.ttf
copying file ./Payload/Zeegnal.app/www/assets/fonts/roboto-regular.woff2 ... 
2018-04-02 14:34:58 +0000  10196 bytes for ./Payload/Zeegnal.app/www/assets/fonts/roboto-regular.woff2
copying file ./Payload/Zeegnal.app/www/assets/fonts/roboto-regular.woff ... 
13308 bytes for ./Payload/Zeegnal.app/www/assets/fonts/roboto-regular.woff
copying file ./Payload/Zeegnal.app/www/assets/fonts/FontAwesome.otf ... 
2018-04-02 14:34:58 +0000  134808 bytes for ./Payload/Zeegnal.app/www/assets/fonts/FontAwesome.otf
2018-04-02 14:34:58 +0000  copying file ./Payload/Zeegnal.app/www/assets/fonts/noto-sans-bold.ttf ... 
2018-04-02 14:34:58 +0000  415132 bytes for ./Payload/Zeegnal.app/www/assets/fonts/noto-sans-bold.ttf
2018-04-02 14:34:58 +0000  copying file ./Payload/Zeegnal.app/www/assets/fonts/ionicons.eot ... 
2018-04-02 14:34:58 +0000  144114 bytes for ./Payload/Zeegnal.app/www/assets/fonts/ionicons.eot
2018-04-02 14:34:58 +0000  copying file ./Payload/Zeegnal.app/www/assets/fonts/noto-sans-bold.woff ... 
2018-04-02 14:34:58 +0000  211888 bytes for ./Payload/Zeegnal.app/www/assets/fonts/noto-sans-bold.woff
copying file ./Payload/Zeegnal.app/www/assets/fonts/roboto-light.woff ... 
2018-04-02 14:34:58 +0000  13360 bytes for ./Payload/Zeegnal.app/www/assets/fonts/roboto-light.woff
copying file ./Payload/Zeegnal.app/www/assets/fonts/roboto-medium.woff2 ... 
2018-04-02 14:34:58 +0000  10192 bytes for ./Payload/Zeegnal.app/www/assets/fonts/roboto-medium.woff2
copying file ./Payload/Zeegnal.app/www/assets/fonts/ionicons.woff ... 
2018-04-02 14:34:58 +0000  80356 bytes for ./Payload/Zeegnal.app/www/assets/fonts/ionicons.woff
copying file ./Payload/Zeegnal.app/www/assets/fonts/roboto-regular.ttf ... 
2018-04-02 14:34:58 +0000  19876 bytes for ./Payload/Zeegnal.app/www/assets/fonts/roboto-regular.ttf
copying file ./Payload/Zeegnal.app/www/assets/fonts/ionicons.ttf ... 
2018-04-02 14:34:58 +0000  143936 bytes for ./Payload/Zeegnal.app/www/assets/fonts/ionicons.ttf
2018-04-02 14:34:58 +0000  copying file ./Payload/Zeegnal.app/www/assets/fonts/roboto-bold.woff2 ... 
10212 bytes for ./Payload/Zeegnal.app/www/assets/fonts/roboto-bold.woff2
copying file ./Payload/Zeegnal.app/www/assets/fonts/fontawesome-webfont.woff2 ... 
2018-04-02 14:34:58 +0000  77160 bytes for ./Payload/Zeegnal.app/www/assets/fonts/fontawesome-webfont.woff2
copying file ./Payload/Zeegnal.app/www/assets/fonts/noto-sans.scss ... 
2018-04-02 14:34:58 +0000  1282 bytes for ./Payload/Zeegnal.app/www/assets/fonts/noto-sans.scss
copying file ./Payload/Zeegnal.app/www/assets/fonts/roboto.scss ... 
1458 bytes for ./Payload/Zeegnal.app/www/assets/fonts/roboto.scss
copying file ./Payload/Zeegnal.app/www/assets/fonts/noto-sans-regular.woff ... 
2018-04-02 14:34:58 +0000  212780 bytes for ./Payload/Zeegnal.app/www/assets/fonts/noto-sans-regular.woff
copying file ./Payload/Zeegnal.app/www/assets/fonts/roboto-medium.woff ... 
2018-04-02 14:34:58 +0000  13248 bytes for ./Payload/Zeegnal.app/www/assets/fonts/roboto-medium.woff
copying file ./Payload/Zeegnal.app/www/assets/fonts/fontawesome-webfont.ttf ... 
2018-04-02 14:34:58 +0000  165548 bytes for ./Payload/Zeegnal.app/www/assets/fonts/fontawesome-webfont.ttf
copying file ./Payload/Zeegnal.app/www/assets/fonts/roboto-bold.woff ... 
2018-04-02 14:34:58 +0000  13348 bytes for ./Payload/Zeegnal.app/www/assets/fonts/roboto-bold.woff
copying file ./Payload/Zeegnal.app/www/assets/fonts/San-Francisco/SF-Pro-Display-Thin.otf ... 
2018-04-02 14:34:59 +0000  317736 bytes for ./Payload/Zeegnal.app/www/assets/fonts/San-Francisco/SF-Pro-Display-Thin.otf
copying file ./Payload/Zeegnal.app/www/assets/fonts/San-Francisco/SF-Pro-Display-Light.otf ... 
2018-04-02 14:34:59 +0000  318908 bytes for ./Payload/Zeegnal.app/www/assets/fonts/San-Francisco/SF-Pro-Display-Light.otf
copying file ./Payload/Zeegnal.app/www/assets/fonts/San-Francisco/SF-Pro-Display-Regular.otf ... 
2018-04-02 14:34:59 +0000  298944 bytes for ./Payload/Zeegnal.app/www/assets/fonts/San-Francisco/SF-Pro-Display-Regular.otf
copying file ./Payload/Zeegnal.app/www/assets/fonts/San-Francisco/SF-Pro-Display-Bold.otf ... 
2018-04-02 14:34:59 +0000  334728 bytes for ./Payload/Zeegnal.app/www/assets/fonts/San-Francisco/SF-Pro-Display-Bold.otf
copying file ./Payload/Zeegnal.app/www/assets/fonts/San-Francisco/SF-Pro-Display-Medium.otf ... 
2018-04-02 14:34:59 +0000  335512 bytes for ./Payload/Zeegnal.app/www/assets/fonts/San-Francisco/SF-Pro-Display-Medium.otf
copying file ./Payload/Zeegnal.app/www/assets/fonts/San-Francisco/SF-Pro-Display-Black.otf ... 
2018-04-02 14:34:59 +0000  319584 bytes for ./Payload/Zeegnal.app/www/assets/fonts/San-Francisco/SF-Pro-Display-Black.otf
2018-04-02 14:34:59 +0000  copying file ./Payload/Zeegnal.app/www/assets/fonts/noto-sans-regular.ttf ... 
2018-04-02 14:34:59 +0000  414820 bytes for ./Payload/Zeegnal.app/www/assets/fonts/noto-sans-regular.ttf
copying file ./Payload/Zeegnal.app/www/assets/fonts/ionicons.svg ... 
2018-04-02 14:34:59 +0000  400219 bytes for ./Payload/Zeegnal.app/www/assets/fonts/ionicons.svg
2018-04-02 14:34:59 +0000  copying file ./Payload/Zeegnal.app/www/assets/fonts/fontawesome-webfont.woff ... 
2018-04-02 14:34:59 +0000  98024 bytes for ./Payload/Zeegnal.app/www/assets/fonts/fontawesome-webfont.woff
copying file ./Payload/Zeegnal.app/www/assets/fonts/roboto-bold.ttf ... 
2018-04-02 14:34:59 +0000  20040 bytes for ./Payload/Zeegnal.app/www/assets/fonts/roboto-bold.ttf
copying file ./Payload/Zeegnal.app/www/assets/fonts/fontawesome-webfont.eot ... 
2018-04-02 14:34:59 +0000  165742 bytes for ./Payload/Zeegnal.app/www/assets/fonts/fontawesome-webfont.eot
copying file ./Payload/Zeegnal.app/www/assets/fonts/ionicons.woff2 ... 
2018-04-02 14:34:59 +0000  61020 bytes for ./Payload/Zeegnal.app/www/assets/fonts/ionicons.woff2
2018-04-02 14:34:59 +0000  copying file ./Payload/Zeegnal.app/www/assets/fonts/ionicons.scss ... 
1152 bytes for ./Payload/Zeegnal.app/www/assets/fonts/ionicons.scss
copying file ./Payload/Zeegnal.app/www/wk-plugin.js ... 
1779 bytes for ./Payload/Zeegnal.app/www/wk-plugin.js
copying file ./Payload/Zeegnal.app/archived-expanded-entitlements.xcent ... 
246 bytes for ./Payload/Zeegnal.app/archived-expanded-entitlements.xcent
copying file ./Payload/Zeegnal.app/LaunchImage-Landscape~ipad.png ... 
44371 bytes for ./Payload/Zeegnal.app/LaunchImage-Landscape~ipad.png
copying file ./Payload/Zeegnal.app/LaunchImage-700-Portrait~ipad.png ... 
2018-04-02 14:34:59 +0000  44553 bytes for ./Payload/Zeegnal.app/LaunchImage-700-Portrait~ipad.png
2018-04-02 14:34:59 +0000  copying file ./Payload/Zeegnal.app/Assets.car ... 
2018-04-02 14:34:59 +0000  744392 bytes for ./Payload/Zeegnal.app/Assets.car
copying file ./Payload/Zeegnal.app/AppIcon40x40@2x~ipad.png ... 
2018-04-02 14:34:59 +0000  6248 bytes for ./Payload/Zeegnal.app/AppIcon40x40@2x~ipad.png
2018-04-02 14:34:59 +0000  copying file ./Payload/Zeegnal.app/AppIcon76x76@2x~ipad.png ... 
2018-04-02 14:34:59 +0000  18561 bytes for ./Payload/Zeegnal.app/AppIcon76x76@2x~ipad.png
copying file ./Payload/Zeegnal.app/AppIcon72x72~ipad.png ... 
2018-04-02 14:34:59 +0000  5231 bytes for ./Payload/Zeegnal.app/AppIcon72x72~ipad.png
copying file ./Payload/Zeegnal.app/CDVLaunchScreen.storyboardc/01J-lp-oVM-view-Ze5-6b-2t3.nib ... 
2283 bytes for ./Payload/Zeegnal.app/CDVLaunchScreen.storyboardc/01J-lp-oVM-view-Ze5-6b-2t3.nib
copying file ./Payload/Zeegnal.app/CDVLaunchScreen.storyboardc/UIViewController-01J-lp-oVM.nib ... 
832 bytes for ./Payload/Zeegnal.app/CDVLaunchScreen.storyboardc/UIViewController-01J-lp-oVM.nib
copying file ./Payload/Zeegnal.app/CDVLaunchScreen.storyboardc/Info.plist ... 
258 bytes for ./Payload/Zeegnal.app/CDVLaunchScreen.storyboardc/Info.plist
copying file ./Payload/Zeegnal.app/LaunchImage-700@2x.png ... 
24177 bytes for ./Payload/Zeegnal.app/LaunchImage-700@2x.png
copying file ./Payload/Zeegnal.app/AppIcon83.5x83.5@2x~ipad.png ... 
22264 bytes for ./Payload/Zeegnal.app/AppIcon83.5x83.5@2x~ipad.png
copying file ./Payload/Zeegnal.app/LaunchImage-700-568h@2x.png ... 
2018-04-02 14:34:59 +0000  41186 bytes for ./Payload/Zeegnal.app/LaunchImage-700-568h@2x.png
copying file ./Payload/Zeegnal.app/LaunchImage-Landscape@2x~ipad.png ... 
2018-04-02 14:34:59 +0000  136511 bytes for ./Payload/Zeegnal.app/LaunchImage-Landscape@2x~ipad.png
2018-04-02 14:34:59 +0000  copying file ./Payload/Zeegnal.app/CDVNotification.bundle/beep.wav ... 
8114 bytes for ./Payload/Zeegnal.app/CDVNotification.bundle/beep.wav
copying file ./Payload/Zeegnal.app/AppIcon50x50~ipad.png ... 
2689 bytes for ./Payload/Zeegnal.app/AppIcon50x50~ipad.png
copying file ./Payload/Zeegnal.app/AppIcon29x29@2x~ipad.png ... 
2018-04-02 14:34:59 +0000  3429 bytes for ./Payload/Zeegnal.app/AppIcon29x29@2x~ipad.png
2018-04-02 14:34:59 +0000  copying file ./Payload/Zeegnal.app/LaunchImage-700-Landscape@2x~ipad.png ... 
2018-04-02 14:34:59 +0000  136511 bytes for ./Payload/Zeegnal.app/LaunchImage-700-Landscape@2x~ipad.png
2018-04-02 14:34:59 +0000  copying file ./Payload/Zeegnal.app/AppIcon50x50@2x~ipad.png ... 
8661 bytes for ./Payload/Zeegnal.app/AppIcon50x50@2x~ipad.png
copying file ./Payload/Zeegnal.app/AppIcon40x40~ipad.png ... 
1994 bytes for ./Payload/Zeegnal.app/AppIcon40x40~ipad.png
copying file ./Payload/Zeegnal.app/LaunchImage.png ... 
9717 bytes for ./Payload/Zeegnal.app/LaunchImage.png
copying file ./Payload/Zeegnal.app/embedded.mobileprovision ... 
2018-04-02 14:34:59 +0000  13626 bytes for ./Payload/Zeegnal.app/embedded.mobileprovision
2018-04-02 14:34:59 +0000  copying file ./Payload/Zeegnal.app/LaunchImage-800-Landscape-736h@3x.png ... 
2018-04-02 14:34:59 +0000  125079 bytes for ./Payload/Zeegnal.app/LaunchImage-800-Landscape-736h@3x.png
2018-04-02 14:34:59 +0000  copying file ./Payload/Zeegnal.app/LaunchImage-700-Portrait@2x~ipad.png ... 
2018-04-02 14:34:59 +0000  142592 bytes for ./Payload/Zeegnal.app/LaunchImage-700-Portrait@2x~ipad.png
2018-04-02 14:34:59 +0000  copying file ./Payload/Zeegnal.app/LaunchImage-700-Landscape~ipad.png ... 
2018-04-02 14:34:59 +0000  44371 bytes for ./Payload/Zeegnal.app/LaunchImage-700-Landscape~ipad.png
2018-04-02 14:34:59 +0000  copying file ./Payload/Zeegnal.app/CDVBarcodeScanner.bundle/beep.caf ... 
2018-04-02 14:34:59 +0000  16020 bytes for ./Payload/Zeegnal.app/CDVBarcodeScanner.bundle/beep.caf
2018-04-02 14:34:59 +0000  copying file ./Payload/Zeegnal.app/CDVBarcodeScanner.bundle/torch.png ... 
3173 bytes for ./Payload/Zeegnal.app/CDVBarcodeScanner.bundle/torch.png
copying file ./Payload/Zeegnal.app/CDVBarcodeScanner.bundle/torch@2x.png ... 
3687 bytes for ./Payload/Zeegnal.app/CDVBarcodeScanner.bundle/torch@2x.png
copying file ./Payload/Zeegnal.app/CDVBarcodeScanner.bundle/torch@3x.png ... 
2018-04-02 14:34:59 +0000  4302 bytes for ./Payload/Zeegnal.app/CDVBarcodeScanner.bundle/torch@3x.png
2018-04-02 14:34:59 +0000  copying file ./Payload/Zeegnal.app/AppIcon20x20@2x~ipad.png ... 
2018-04-02 14:34:59 +0000  1994 bytes for ./Payload/Zeegnal.app/AppIcon20x20@2x~ipad.png
2018-04-02 14:34:59 +0000  copying file ./Payload/Zeegnal.app/Info.plist ... 
2018-04-02 14:34:59 +0000  2443 bytes for ./Payload/Zeegnal.app/Info.plist
copying file ./Payload/Zeegnal.app/PkgInfo ... 
2018-04-02 14:34:59 +0000  8 bytes for ./Payload/Zeegnal.app/PkgInfo
copying file ./Payload/Zeegnal.app/AppIcon76x76~ipad.png ... 
2018-04-02 14:34:59 +0000  5637 bytes for ./Payload/Zeegnal.app/AppIcon76x76~ipad.png
2018-04-02 14:34:59 +0000  
2018-04-02 14:34:59 +0000  2018-04-02 14:34:59 +0000 [MT] /usr/bin/ditto exited with 0
2018-04-02 14:34:59 +0000  

2018-04-02 14:34:59 +0000 [MT] Processing step: IDEDistributionCreateManifestStep
